17:05:18.289 [main] DEBUG o.a.c.c.ConfigurationUtils - ConfigurationUtils.locate(): base is null, name is global-configuration.properties
17:05:18.319 [main] DEBUG o.a.c.c.ConfigurationUtils - ConfigurationUtils.locate(): base is null, name is jar:file:/C:/apache-tomcat-7.0.25/webapps/portal/WEB-INF/lib/portal-impl.jar!/portal.properties
17:05:18.320 [main] DEBUG o.a.c.c.ConfigurationUtils - Loading configuration from the URL jar:file:/C:/apache-tomcat-7.0.25/webapps/portal/WEB-INF/lib/portal-impl.jar!/portal.properties
17:05:18.897 [main] DEBUG o.a.c.c.ConfigurationUtils - ConfigurationUtils.locate(): base is null, name is C:/liferay-plugins-sdk-6.1.0/portlets/HomeContent-portlet/liferay/${external-properties}
17:05:18.909 [main] DEBUG o.a.c.c.ConfigurationUtils - ConfigurationUtils.locate(): base is null, name is ${external-properties}
17:05:18.911 [main] DEBUG o.a.c.c.ConfigurationUtils - ConfigurationUtils.locate(): base is null, name is C:/liferay-plugins-sdk-6.1.0/portlets/HomeContent-portlet/liferay/portal-${easyconf:companyId}.properties
17:05:18.939 [main] DEBUG o.a.c.c.ConfigurationUtils - ConfigurationUtils.locate(): base is null, name is portal-${easyconf:companyId}.properties
17:05:18.942 [main] DEBUG o.a.c.c.ConfigurationUtils - ConfigurationUtils.locate(): base is null, name is C:/liferay-plugins-sdk-6.1.0/portlets/HomeContent-portlet/liferay/portal-setup-wizard.properties
17:05:18.953 [main] DEBUG o.a.c.c.ConfigurationUtils - ConfigurationUtils.locate(): base is null, name is portal-setup-wizard.properties
17:05:18.955 [main] DEBUG o.a.c.c.ConfigurationUtils - ConfigurationUtils.locate(): base is null, name is C:/liferay-plugins-sdk-6.1.0/portlets/HomeContent-portlet/liferay/portal-ext.properties
17:05:19.042 [main] DEBUG o.a.c.c.ConfigurationUtils - ConfigurationUtils.locate(): base is null, name is portal-ext.properties
17:05:19.044 [main] DEBUG o.a.c.c.ConfigurationUtils - ConfigurationUtils.locate(): base is null, name is C:/liferay-plugins-sdk-6.1.0/portlets/HomeContent-portlet/liferay/portal-bundle.properties
17:05:19.054 [main] DEBUG o.a.c.c.ConfigurationUtils - ConfigurationUtils.locate(): base is null, name is portal-bundle.properties
17:09:00.638 [main] DEBUG o.a.c.c.ConfigurationUtils - ConfigurationUtils.locate(): base is null, name is global-configuration.properties
17:09:00.658 [main] DEBUG o.a.c.c.ConfigurationUtils - ConfigurationUtils.locate(): base is null, name is jar:file:/C:/apache-tomcat-7.0.25/webapps/portal/WEB-INF/lib/portal-impl.jar!/portal.properties
17:09:00.658 [main] DEBUG o.a.c.c.ConfigurationUtils - Loading configuration from the URL jar:file:/C:/apache-tomcat-7.0.25/webapps/portal/WEB-INF/lib/portal-impl.jar!/portal.properties
17:09:01.264 [main] DEBUG o.a.c.c.ConfigurationUtils - ConfigurationUtils.locate(): base is null, name is C:/liferay-plugins-sdk-6.1.0/portlets/HomeContent-portlet/liferay/${external-properties}
17:09:01.283 [main] DEBUG o.a.c.c.ConfigurationUtils - ConfigurationUtils.locate(): base is null, name is ${external-properties}
17:09:01.287 [main] DEBUG o.a.c.c.ConfigurationUtils - ConfigurationUtils.locate(): base is null, name is C:/liferay-plugins-sdk-6.1.0/portlets/HomeContent-portlet/liferay/portal-${easyconf:companyId}.properties
17:09:01.340 [main] DEBUG o.a.c.c.ConfigurationUtils - ConfigurationUtils.locate(): base is null, name is portal-${easyconf:companyId}.properties
17:09:01.345 [main] DEBUG o.a.c.c.ConfigurationUtils - ConfigurationUtils.locate(): base is null, name is C:/liferay-plugins-sdk-6.1.0/portlets/HomeContent-portlet/liferay/portal-setup-wizard.properties
17:09:01.366 [main] DEBUG o.a.c.c.ConfigurationUtils - ConfigurationUtils.locate(): base is null, name is portal-setup-wizard.properties
17:09:01.370 [main] DEBUG o.a.c.c.ConfigurationUtils - ConfigurationUtils.locate(): base is null, name is C:/liferay-plugins-sdk-6.1.0/portlets/HomeContent-portlet/liferay/portal-ext.properties
17:09:01.388 [main] DEBUG o.a.c.c.ConfigurationUtils - ConfigurationUtils.locate(): base is null, name is portal-ext.properties
17:09:01.390 [main] DEBUG o.a.c.c.ConfigurationUtils - ConfigurationUtils.locate(): base is null, name is C:/liferay-plugins-sdk-6.1.0/portlets/HomeContent-portlet/liferay/portal-bundle.properties
17:09:01.401 [main] DEBUG o.a.c.c.ConfigurationUtils - ConfigurationUtils.locate(): base is null, name is portal-bundle.properties
17:14:37.947 [main] DEBUG o.a.c.c.ConfigurationUtils - ConfigurationUtils.locate(): base is null, name is global-configuration.properties
17:14:37.975 [main] DEBUG o.a.c.c.ConfigurationUtils - ConfigurationUtils.locate(): base is null, name is jar:file:/C:/apache-tomcat-7.0.25/webapps/portal/WEB-INF/lib/portal-impl.jar!/portal.properties
17:14:37.976 [main] DEBUG o.a.c.c.ConfigurationUtils - Loading configuration from the URL jar:file:/C:/apache-tomcat-7.0.25/webapps/portal/WEB-INF/lib/portal-impl.jar!/portal.properties
17:14:38.491 [main] DEBUG o.a.c.c.ConfigurationUtils - ConfigurationUtils.locate(): base is null, name is C:/liferay-plugins-sdk-6.1.0/portlets/HomeContent-portlet/liferay/${external-properties}
17:14:38.501 [main] DEBUG o.a.c.c.ConfigurationUtils - ConfigurationUtils.locate(): base is null, name is ${external-properties}
17:14:38.504 [main] DEBUG o.a.c.c.ConfigurationUtils - ConfigurationUtils.locate(): base is null, name is C:/liferay-plugins-sdk-6.1.0/portlets/HomeContent-portlet/liferay/portal-${easyconf:companyId}.properties
17:14:38.549 [main] DEBUG o.a.c.c.ConfigurationUtils - ConfigurationUtils.locate(): base is null, name is portal-${easyconf:companyId}.properties
17:14:38.552 [main] DEBUG o.a.c.c.ConfigurationUtils - ConfigurationUtils.locate(): base is null, name is C:/liferay-plugins-sdk-6.1.0/portlets/HomeContent-portlet/liferay/portal-setup-wizard.properties
17:14:38.561 [main] DEBUG o.a.c.c.ConfigurationUtils - ConfigurationUtils.locate(): base is null, name is portal-setup-wizard.properties
17:14:38.563 [main] DEBUG o.a.c.c.ConfigurationUtils - ConfigurationUtils.locate(): base is null, name is C:/liferay-plugins-sdk-6.1.0/portlets/HomeContent-portlet/liferay/portal-ext.properties
17:14:38.651 [main] DEBUG o.a.c.c.ConfigurationUtils - ConfigurationUtils.locate(): base is null, name is portal-ext.properties
17:14:38.654 [main] DEBUG o.a.c.c.ConfigurationUtils - ConfigurationUtils.locate(): base is null, name is C:/liferay-plugins-sdk-6.1.0/portlets/HomeContent-portlet/liferay/portal-bundle.properties
17:14:38.663 [main] DEBUG o.a.c.c.ConfigurationUtils - ConfigurationUtils.locate(): base is null, name is portal-bundle.properties
17:19:28.216 [main] DEBUG o.a.c.c.ConfigurationUtils - ConfigurationUtils.locate(): base is null, name is global-configuration.properties
17:19:28.245 [main] DEBUG o.a.c.c.ConfigurationUtils - ConfigurationUtils.locate(): base is null, name is jar:file:/C:/apache-tomcat-7.0.25/webapps/portal/WEB-INF/lib/portal-impl.jar!/portal.properties
17:19:28.246 [main] DEBUG o.a.c.c.ConfigurationUtils - Loading configuration from the URL jar:file:/C:/apache-tomcat-7.0.25/webapps/portal/WEB-INF/lib/portal-impl.jar!/portal.properties
17:19:28.725 [main] DEBUG o.a.c.c.ConfigurationUtils - ConfigurationUtils.locate(): base is null, name is C:/liferay-plugins-sdk-6.1.0/portlets/HomeContent-portlet/liferay/${external-properties}
17:19:28.736 [main] DEBUG o.a.c.c.ConfigurationUtils - ConfigurationUtils.locate(): base is null, name is ${external-properties}
17:19:28.738 [main] DEBUG o.a.c.c.ConfigurationUtils - ConfigurationUtils.locate(): base is null, name is C:/liferay-plugins-sdk-6.1.0/portlets/HomeContent-portlet/liferay/portal-${easyconf:companyId}.properties
17:19:28.818 [main] DEBUG o.a.c.c.ConfigurationUtils - ConfigurationUtils.locate(): base is null, name is portal-${easyconf:companyId}.properties
17:19:28.821 [main] DEBUG o.a.c.c.ConfigurationUtils - ConfigurationUtils.locate(): base is null, name is C:/liferay-plugins-sdk-6.1.0/portlets/HomeContent-portlet/liferay/portal-setup-wizard.properties
17:19:28.830 [main] DEBUG o.a.c.c.ConfigurationUtils - ConfigurationUtils.locate(): base is null, name is portal-setup-wizard.properties
17:19:28.833 [main] DEBUG o.a.c.c.ConfigurationUtils - ConfigurationUtils.locate(): base is null, name is C:/liferay-plugins-sdk-6.1.0/portlets/HomeContent-portlet/liferay/portal-ext.properties
17:19:28.920 [main] DEBUG o.a.c.c.ConfigurationUtils - ConfigurationUtils.locate(): base is null, name is portal-ext.properties
17:19:28.922 [main] DEBUG o.a.c.c.ConfigurationUtils - ConfigurationUtils.locate(): base is null, name is C:/liferay-plugins-sdk-6.1.0/portlets/HomeContent-portlet/liferay/portal-bundle.properties
17:19:28.932 [main] DEBUG o.a.c.c.ConfigurationUtils - ConfigurationUtils.locate(): base is null, name is portal-bundle.properties
17:21:30.425 [main] DEBUG o.a.c.c.ConfigurationUtils - ConfigurationUtils.locate(): base is null, name is global-configuration.properties
17:21:30.443 [main] DEBUG o.a.c.c.ConfigurationUtils - ConfigurationUtils.locate(): base is null, name is jar:file:/C:/apache-tomcat-7.0.25/webapps/portal/WEB-INF/lib/portal-impl.jar!/portal.properties
17:21:30.444 [main] DEBUG o.a.c.c.ConfigurationUtils - Loading configuration from the URL jar:file:/C:/apache-tomcat-7.0.25/webapps/portal/WEB-INF/lib/portal-impl.jar!/portal.properties
17:21:31.048 [main] DEBUG o.a.c.c.ConfigurationUtils - ConfigurationUtils.locate(): base is null, name is C:/liferay-plugins-sdk-6.1.0/portlets/HomeContent-portlet/liferay/${external-properties}
17:21:31.059 [main] DEBUG o.a.c.c.ConfigurationUtils - ConfigurationUtils.locate(): base is null, name is ${external-properties}
17:21:31.061 [main] DEBUG o.a.c.c.ConfigurationUtils - ConfigurationUtils.locate(): base is null, name is C:/liferay-plugins-sdk-6.1.0/portlets/HomeContent-portlet/liferay/portal-${easyconf:companyId}.properties
17:21:31.150 [main] DEBUG o.a.c.c.ConfigurationUtils - ConfigurationUtils.locate(): base is null, name is portal-${easyconf:companyId}.properties
17:21:31.153 [main] DEBUG o.a.c.c.ConfigurationUtils - ConfigurationUtils.locate(): base is null, name is C:/liferay-plugins-sdk-6.1.0/portlets/HomeContent-portlet/liferay/portal-setup-wizard.properties
17:21:31.163 [main] DEBUG o.a.c.c.ConfigurationUtils - ConfigurationUtils.locate(): base is null, name is portal-setup-wizard.properties
17:21:31.165 [main] DEBUG o.a.c.c.ConfigurationUtils - ConfigurationUtils.locate(): base is null, name is C:/liferay-plugins-sdk-6.1.0/portlets/HomeContent-portlet/liferay/portal-ext.properties
17:21:31.257 [main] DEBUG o.a.c.c.ConfigurationUtils - ConfigurationUtils.locate(): base is null, name is portal-ext.properties
17:21:31.259 [main] DEBUG o.a.c.c.ConfigurationUtils - ConfigurationUtils.locate(): base is null, name is C:/liferay-plugins-sdk-6.1.0/portlets/HomeContent-portlet/liferay/portal-bundle.properties
17:21:31.270 [main] DEBUG o.a.c.c.ConfigurationUtils - ConfigurationUtils.locate(): base is null, name is portal-bundle.properties
17:24:45.211 [main] DEBUG o.a.c.c.ConfigurationUtils - ConfigurationUtils.locate(): base is null, name is global-configuration.properties
17:24:45.229 [main] DEBUG o.a.c.c.ConfigurationUtils - ConfigurationUtils.locate(): base is null, name is jar:file:/C:/apache-tomcat-7.0.25/webapps/portal/WEB-INF/lib/portal-impl.jar!/portal.properties
17:24:45.230 [main] DEBUG o.a.c.c.ConfigurationUtils - Loading configuration from the URL jar:file:/C:/apache-tomcat-7.0.25/webapps/portal/WEB-INF/lib/portal-impl.jar!/portal.properties
17:24:45.705 [main] DEBUG o.a.c.c.ConfigurationUtils - ConfigurationUtils.locate(): base is null, name is C:/liferay-plugins-sdk-6.1.0/portlets/HomeContent-portlet/liferay/${external-properties}
17:24:45.717 [main] DEBUG o.a.c.c.ConfigurationUtils - ConfigurationUtils.locate(): base is null, name is ${external-properties}
17:24:45.720 [main] DEBUG o.a.c.c.ConfigurationUtils - ConfigurationUtils.locate(): base is null, name is C:/liferay-plugins-sdk-6.1.0/portlets/HomeContent-portlet/liferay/portal-${easyconf:companyId}.properties
17:24:45.808 [main] DEBUG o.a.c.c.ConfigurationUtils - ConfigurationUtils.locate(): base is null, name is portal-${easyconf:companyId}.properties
17:24:45.810 [main] DEBUG o.a.c.c.ConfigurationUtils - ConfigurationUtils.locate(): base is null, name is C:/liferay-plugins-sdk-6.1.0/portlets/HomeContent-portlet/liferay/portal-setup-wizard.properties
17:24:45.821 [main] DEBUG o.a.c.c.ConfigurationUtils - ConfigurationUtils.locate(): base is null, name is portal-setup-wizard.properties
17:24:45.823 [main] DEBUG o.a.c.c.ConfigurationUtils - ConfigurationUtils.locate(): base is null, name is C:/liferay-plugins-sdk-6.1.0/portlets/HomeContent-portlet/liferay/portal-ext.properties
17:24:45.911 [main] DEBUG o.a.c.c.ConfigurationUtils - ConfigurationUtils.locate(): base is null, name is portal-ext.properties
17:24:45.913 [main] DEBUG o.a.c.c.ConfigurationUtils - ConfigurationUtils.locate(): base is null, name is C:/liferay-plugins-sdk-6.1.0/portlets/HomeContent-portlet/liferay/portal-bundle.properties
17:24:45.922 [main] DEBUG o.a.c.c.ConfigurationUtils - ConfigurationUtils.locate(): base is null, name is portal-bundle.properties
17:26:15.837 [main] DEBUG o.a.c.c.ConfigurationUtils - ConfigurationUtils.locate(): base is null, name is global-configuration.properties
17:26:15.867 [main] DEBUG o.a.c.c.ConfigurationUtils - ConfigurationUtils.locate(): base is null, name is jar:file:/C:/apache-tomcat-7.0.25/webapps/portal/WEB-INF/lib/portal-impl.jar!/portal.properties
17:26:15.868 [main] DEBUG o.a.c.c.ConfigurationUtils - Loading configuration from the URL jar:file:/C:/apache-tomcat-7.0.25/webapps/portal/WEB-INF/lib/portal-impl.jar!/portal.properties
17:26:16.340 [main] DEBUG o.a.c.c.ConfigurationUtils - ConfigurationUtils.locate(): base is null, name is C:/liferay-plugins-sdk-6.1.0/portlets/HomeContent-portlet/liferay/${external-properties}
17:26:16.351 [main] DEBUG o.a.c.c.ConfigurationUtils - ConfigurationUtils.locate(): base is null, name is ${external-properties}
17:26:16.355 [main] DEBUG o.a.c.c.ConfigurationUtils - ConfigurationUtils.locate(): base is null, name is C:/liferay-plugins-sdk-6.1.0/portlets/HomeContent-portlet/liferay/portal-${easyconf:companyId}.properties
17:26:16.434 [main] DEBUG o.a.c.c.ConfigurationUtils - ConfigurationUtils.locate(): base is null, name is portal-${easyconf:companyId}.properties
17:26:16.437 [main] DEBUG o.a.c.c.ConfigurationUtils - ConfigurationUtils.locate(): base is null, name is C:/liferay-plugins-sdk-6.1.0/portlets/HomeContent-portlet/liferay/portal-setup-wizard.properties
17:26:16.447 [main] DEBUG o.a.c.c.ConfigurationUtils - ConfigurationUtils.locate(): base is null, name is portal-setup-wizard.properties
17:26:16.450 [main] DEBUG o.a.c.c.ConfigurationUtils - ConfigurationUtils.locate(): base is null, name is C:/liferay-plugins-sdk-6.1.0/portlets/HomeContent-portlet/liferay/portal-ext.properties
17:26:16.537 [main] DEBUG o.a.c.c.ConfigurationUtils - ConfigurationUtils.locate(): base is null, name is portal-ext.properties
17:26:16.539 [main] DEBUG o.a.c.c.ConfigurationUtils - ConfigurationUtils.locate(): base is null, name is C:/liferay-plugins-sdk-6.1.0/portlets/HomeContent-portlet/liferay/portal-bundle.properties
17:26:16.549 [main] DEBUG o.a.c.c.ConfigurationUtils - ConfigurationUtils.locate(): base is null, name is portal-bundle.properties
17:27:49.705 [main] DEBUG o.a.c.c.ConfigurationUtils - ConfigurationUtils.locate(): base is null, name is global-configuration.properties
17:27:49.734 [main] DEBUG o.a.c.c.ConfigurationUtils - ConfigurationUtils.locate(): base is null, name is jar:file:/C:/apache-tomcat-7.0.25/webapps/portal/WEB-INF/lib/portal-impl.jar!/portal.properties
17:27:49.734 [main] DEBUG o.a.c.c.ConfigurationUtils - Loading configuration from the URL jar:file:/C:/apache-tomcat-7.0.25/webapps/portal/WEB-INF/lib/portal-impl.jar!/portal.properties
17:27:50.208 [main] DEBUG o.a.c.c.ConfigurationUtils - ConfigurationUtils.locate(): base is null, name is C:/liferay-plugins-sdk-6.1.0/portlets/HomeContent-portlet/liferay/${external-properties}
17:27:50.218 [main] DEBUG o.a.c.c.ConfigurationUtils - ConfigurationUtils.locate(): base is null, name is ${external-properties}
17:27:50.221 [main] DEBUG o.a.c.c.ConfigurationUtils - ConfigurationUtils.locate(): base is null, name is C:/liferay-plugins-sdk-6.1.0/portlets/HomeContent-portlet/liferay/portal-${easyconf:companyId}.properties
17:27:50.306 [main] DEBUG o.a.c.c.ConfigurationUtils - ConfigurationUtils.locate(): base is null, name is portal-${easyconf:companyId}.properties
17:27:50.309 [main] DEBUG o.a.c.c.ConfigurationUtils - ConfigurationUtils.locate(): base is null, name is C:/liferay-plugins-sdk-6.1.0/portlets/HomeContent-portlet/liferay/portal-setup-wizard.properties
17:27:50.320 [main] DEBUG o.a.c.c.ConfigurationUtils - ConfigurationUtils.locate(): base is null, name is portal-setup-wizard.properties
17:27:50.322 [main] DEBUG o.a.c.c.ConfigurationUtils - ConfigurationUtils.locate(): base is null, name is C:/liferay-plugins-sdk-6.1.0/portlets/HomeContent-portlet/liferay/portal-ext.properties
17:27:50.409 [main] DEBUG o.a.c.c.ConfigurationUtils - ConfigurationUtils.locate(): base is null, name is portal-ext.properties
17:27:50.412 [main] DEBUG o.a.c.c.ConfigurationUtils - ConfigurationUtils.locate(): base is null, name is C:/liferay-plugins-sdk-6.1.0/portlets/HomeContent-portlet/liferay/portal-bundle.properties
17:27:50.422 [main] DEBUG o.a.c.c.ConfigurationUtils - ConfigurationUtils.locate(): base is null, name is portal-bundle.properties
17:28:24.482 [main] DEBUG o.a.c.c.ConfigurationUtils - ConfigurationUtils.locate(): base is null, name is global-configuration.properties
17:28:24.500 [main] DEBUG o.a.c.c.ConfigurationUtils - ConfigurationUtils.locate(): base is null, name is jar:file:/C:/apache-tomcat-7.0.25/webapps/portal/WEB-INF/lib/portal-impl.jar!/portal.properties
17:28:24.500 [main] DEBUG o.a.c.c.ConfigurationUtils - Loading configuration from the URL jar:file:/C:/apache-tomcat-7.0.25/webapps/portal/WEB-INF/lib/portal-impl.jar!/portal.properties
17:28:24.982 [main] DEBUG o.a.c.c.ConfigurationUtils - ConfigurationUtils.locate(): base is null, name is C:/liferay-plugins-sdk-6.1.0/portlets/HomeContent-portlet/liferay/${external-properties}
17:28:24.994 [main] DEBUG o.a.c.c.ConfigurationUtils - ConfigurationUtils.locate(): base is null, name is ${external-properties}
17:28:24.997 [main] DEBUG o.a.c.c.ConfigurationUtils - ConfigurationUtils.locate(): base is null, name is C:/liferay-plugins-sdk-6.1.0/portlets/HomeContent-portlet/liferay/portal-${easyconf:companyId}.properties
17:28:25.006 [main] DEBUG o.a.c.c.ConfigurationUtils - ConfigurationUtils.locate(): base is null, name is portal-${easyconf:companyId}.properties
17:28:25.009 [main] DEBUG o.a.c.c.ConfigurationUtils - ConfigurationUtils.locate(): base is null, name is C:/liferay-plugins-sdk-6.1.0/portlets/HomeContent-portlet/liferay/portal-setup-wizard.properties
17:28:25.107 [main] DEBUG o.a.c.c.ConfigurationUtils - ConfigurationUtils.locate(): base is null, name is portal-setup-wizard.properties
17:28:25.110 [main] DEBUG o.a.c.c.ConfigurationUtils - ConfigurationUtils.locate(): base is null, name is C:/liferay-plugins-sdk-6.1.0/portlets/HomeContent-portlet/liferay/portal-ext.properties
17:28:25.119 [main] DEBUG o.a.c.c.ConfigurationUtils - ConfigurationUtils.locate(): base is null, name is portal-ext.properties
17:28:25.121 [main] DEBUG o.a.c.c.ConfigurationUtils - ConfigurationUtils.locate(): base is null, name is C:/liferay-plugins-sdk-6.1.0/portlets/HomeContent-portlet/liferay/portal-bundle.properties
17:28:25.210 [main] DEBUG o.a.c.c.ConfigurationUtils - ConfigurationUtils.locate(): base is null, name is portal-bundle.properties
17:30:09.024 [main] DEBUG o.a.c.c.ConfigurationUtils - ConfigurationUtils.locate(): base is null, name is global-configuration.properties
17:30:09.041 [main] DEBUG o.a.c.c.ConfigurationUtils - ConfigurationUtils.locate(): base is null, name is jar:file:/C:/apache-tomcat-7.0.25/webapps/portal/WEB-INF/lib/portal-impl.jar!/portal.properties
17:30:09.042 [main] DEBUG o.a.c.c.ConfigurationUtils - Loading configuration from the URL jar:file:/C:/apache-tomcat-7.0.25/webapps/portal/WEB-INF/lib/portal-impl.jar!/portal.properties
17:30:09.536 [main] DEBUG o.a.c.c.ConfigurationUtils - ConfigurationUtils.locate(): base is null, name is C:/liferay-plugins-sdk-6.1.0/portlets/HomeContent-portlet/liferay/${external-properties}
17:30:09.555 [main] DEBUG o.a.c.c.ConfigurationUtils - ConfigurationUtils.locate(): base is null, name is ${external-properties}
17:30:09.559 [main] DEBUG o.a.c.c.ConfigurationUtils - ConfigurationUtils.locate(): base is null, name is C:/liferay-plugins-sdk-6.1.0/portlets/HomeContent-portlet/liferay/portal-${easyconf:companyId}.properties
17:30:09.609 [main] DEBUG o.a.c.c.ConfigurationUtils - ConfigurationUtils.locate(): base is null, name is portal-${easyconf:companyId}.properties
17:30:09.612 [main] DEBUG o.a.c.c.ConfigurationUtils - ConfigurationUtils.locate(): base is null, name is C:/liferay-plugins-sdk-6.1.0/portlets/HomeContent-portlet/liferay/portal-setup-wizard.properties
17:30:09.623 [main] DEBUG o.a.c.c.ConfigurationUtils - ConfigurationUtils.locate(): base is null, name is portal-setup-wizard.properties
17:30:09.625 [main] DEBUG o.a.c.c.ConfigurationUtils - ConfigurationUtils.locate(): base is null, name is C:/liferay-plugins-sdk-6.1.0/portlets/HomeContent-portlet/liferay/portal-ext.properties
17:30:09.711 [main] DEBUG o.a.c.c.ConfigurationUtils - ConfigurationUtils.locate(): base is null, name is portal-ext.properties
17:30:09.713 [main] DEBUG o.a.c.c.ConfigurationUtils - ConfigurationUtils.locate(): base is null, name is C:/liferay-plugins-sdk-6.1.0/portlets/HomeContent-portlet/liferay/portal-bundle.properties
17:30:09.724 [main] DEBUG o.a.c.c.ConfigurationUtils - ConfigurationUtils.locate(): base is null, name is portal-bundle.properties
17:35:59.632 [main] DEBUG o.a.c.c.ConfigurationUtils - ConfigurationUtils.locate(): base is null, name is global-configuration.properties
17:35:59.662 [main] DEBUG o.a.c.c.ConfigurationUtils - ConfigurationUtils.locate(): base is null, name is jar:file:/C:/apache-tomcat-7.0.25/webapps/portal/WEB-INF/lib/portal-impl.jar!/portal.properties
17:35:59.663 [main] DEBUG o.a.c.c.ConfigurationUtils - Loading configuration from the URL jar:file:/C:/apache-tomcat-7.0.25/webapps/portal/WEB-INF/lib/portal-impl.jar!/portal.properties
17:36:00.192 [main] DEBUG o.a.c.c.ConfigurationUtils - ConfigurationUtils.locate(): base is null, name is C:/liferay-plugins-sdk-6.1.0/portlets/HomeContent-portlet/liferay/${external-properties}
17:36:00.210 [main] DEBUG o.a.c.c.ConfigurationUtils - ConfigurationUtils.locate(): base is null, name is ${external-properties}
17:36:00.214 [main] DEBUG o.a.c.c.ConfigurationUtils - ConfigurationUtils.locate(): base is null, name is C:/liferay-plugins-sdk-6.1.0/portlets/HomeContent-portlet/liferay/portal-${easyconf:companyId}.properties
17:36:00.290 [main] DEBUG o.a.c.c.ConfigurationUtils - ConfigurationUtils.locate(): base is null, name is portal-${easyconf:companyId}.properties
17:36:00.292 [main] DEBUG o.a.c.c.ConfigurationUtils - ConfigurationUtils.locate(): base is null, name is C:/liferay-plugins-sdk-6.1.0/portlets/HomeContent-portlet/liferay/portal-setup-wizard.properties
17:36:00.301 [main] DEBUG o.a.c.c.ConfigurationUtils - ConfigurationUtils.locate(): base is null, name is portal-setup-wizard.properties
17:36:00.306 [main] DEBUG o.a.c.c.ConfigurationUtils - ConfigurationUtils.locate(): base is null, name is C:/liferay-plugins-sdk-6.1.0/portlets/HomeContent-portlet/liferay/portal-ext.properties
17:36:00.393 [main] DEBUG o.a.c.c.ConfigurationUtils - ConfigurationUtils.locate(): base is null, name is portal-ext.properties
17:36:00.395 [main] DEBUG o.a.c.c.ConfigurationUtils - ConfigurationUtils.locate(): base is null, name is C:/liferay-plugins-sdk-6.1.0/portlets/HomeContent-portlet/liferay/portal-bundle.properties
17:36:00.405 [main] DEBUG o.a.c.c.ConfigurationUtils - ConfigurationUtils.locate(): base is null, name is portal-bundle.properties
17:38:08.678 [main] DEBUG o.a.c.c.ConfigurationUtils - ConfigurationUtils.locate(): base is null, name is global-configuration.properties
17:38:08.708 [main] DEBUG o.a.c.c.ConfigurationUtils - ConfigurationUtils.locate(): base is null, name is jar:file:/C:/apache-tomcat-7.0.25/webapps/portal/WEB-INF/lib/portal-impl.jar!/portal.properties
17:38:08.708 [main] DEBUG o.a.c.c.ConfigurationUtils - Loading configuration from the URL jar:file:/C:/apache-tomcat-7.0.25/webapps/portal/WEB-INF/lib/portal-impl.jar!/portal.properties
17:38:09.279 [main] DEBUG o.a.c.c.ConfigurationUtils - ConfigurationUtils.locate(): base is null, name is C:/liferay-plugins-sdk-6.1.0/portlets/HomeContent-portlet/liferay/${external-properties}
17:38:09.298 [main] DEBUG o.a.c.c.ConfigurationUtils - ConfigurationUtils.locate(): base is null, name is ${external-properties}
17:38:09.302 [main] DEBUG o.a.c.c.ConfigurationUtils - ConfigurationUtils.locate(): base is null, name is C:/liferay-plugins-sdk-6.1.0/portlets/HomeContent-portlet/liferay/portal-${easyconf:companyId}.properties
17:38:09.370 [main] DEBUG o.a.c.c.ConfigurationUtils - ConfigurationUtils.locate(): base is null, name is portal-${easyconf:companyId}.properties
17:38:09.372 [main] DEBUG o.a.c.c.ConfigurationUtils - ConfigurationUtils.locate(): base is null, name is C:/liferay-plugins-sdk-6.1.0/portlets/HomeContent-portlet/liferay/portal-setup-wizard.properties
17:38:09.382 [main] DEBUG o.a.c.c.ConfigurationUtils - ConfigurationUtils.locate(): base is null, name is portal-setup-wizard.properties
17:38:09.385 [main] DEBUG o.a.c.c.ConfigurationUtils - ConfigurationUtils.locate(): base is null, name is C:/liferay-plugins-sdk-6.1.0/portlets/HomeContent-portlet/liferay/portal-ext.properties
17:38:09.472 [main] DEBUG o.a.c.c.ConfigurationUtils - ConfigurationUtils.locate(): base is null, name is portal-ext.properties
17:38:09.474 [main] DEBUG o.a.c.c.ConfigurationUtils - ConfigurationUtils.locate(): base is null, name is C:/liferay-plugins-sdk-6.1.0/portlets/HomeContent-portlet/liferay/portal-bundle.properties
17:38:09.484 [main] DEBUG o.a.c.c.ConfigurationUtils - ConfigurationUtils.locate(): base is null, name is portal-bundle.properties
17:39:52.294 [main] DEBUG o.a.c.c.ConfigurationUtils - ConfigurationUtils.locate(): base is null, name is global-configuration.properties
17:39:52.312 [main] DEBUG o.a.c.c.ConfigurationUtils - ConfigurationUtils.locate(): base is null, name is jar:file:/C:/apache-tomcat-7.0.25/webapps/portal/WEB-INF/lib/portal-impl.jar!/portal.properties
17:39:52.312 [main] DEBUG o.a.c.c.ConfigurationUtils - Loading configuration from the URL jar:file:/C:/apache-tomcat-7.0.25/webapps/portal/WEB-INF/lib/portal-impl.jar!/portal.properties
17:39:52.893 [main] DEBUG o.a.c.c.ConfigurationUtils - ConfigurationUtils.locate(): base is null, name is C:/liferay-plugins-sdk-6.1.0/portlets/HomeContent-portlet/liferay/${external-properties}
17:39:52.903 [main] DEBUG o.a.c.c.ConfigurationUtils - ConfigurationUtils.locate(): base is null, name is ${external-properties}
17:39:52.906 [main] DEBUG o.a.c.c.ConfigurationUtils - ConfigurationUtils.locate(): base is null, name is C:/liferay-plugins-sdk-6.1.0/portlets/HomeContent-portlet/liferay/portal-${easyconf:companyId}.properties
17:39:52.922 [main] DEBUG o.a.c.c.ConfigurationUtils - ConfigurationUtils.locate(): base is null, name is portal-${easyconf:companyId}.properties
17:39:52.926 [main] DEBUG o.a.c.c.ConfigurationUtils - ConfigurationUtils.locate(): base is null, name is C:/liferay-plugins-sdk-6.1.0/portlets/HomeContent-portlet/liferay/portal-setup-wizard.properties
17:39:52.935 [main] DEBUG o.a.c.c.ConfigurationUtils - ConfigurationUtils.locate(): base is null, name is portal-setup-wizard.properties
17:39:52.938 [main] DEBUG o.a.c.c.ConfigurationUtils - ConfigurationUtils.locate(): base is null, name is C:/liferay-plugins-sdk-6.1.0/portlets/HomeContent-portlet/liferay/portal-ext.properties
17:39:53.026 [main] DEBUG o.a.c.c.ConfigurationUtils - ConfigurationUtils.locate(): base is null, name is portal-ext.properties
17:39:53.028 [main] DEBUG o.a.c.c.ConfigurationUtils - ConfigurationUtils.locate(): base is null, name is C:/liferay-plugins-sdk-6.1.0/portlets/HomeContent-portlet/liferay/portal-bundle.properties
17:39:53.038 [main] DEBUG o.a.c.c.ConfigurationUtils - ConfigurationUtils.locate(): base is null, name is portal-bundle.properties
18:14:05.261 [main] DEBUG o.a.c.c.ConfigurationUtils - ConfigurationUtils.locate(): base is null, name is global-configuration.properties
18:14:05.292 [main] DEBUG o.a.c.c.ConfigurationUtils - ConfigurationUtils.locate(): base is null, name is jar:file:/C:/apache-tomcat-7.0.25/webapps/portal/WEB-INF/lib/portal-impl.jar!/portal.properties
18:14:05.292 [main] DEBUG o.a.c.c.ConfigurationUtils - Loading configuration from the URL jar:file:/C:/apache-tomcat-7.0.25/webapps/portal/WEB-INF/lib/portal-impl.jar!/portal.properties
18:14:05.818 [main] DEBUG o.a.c.c.ConfigurationUtils - ConfigurationUtils.locate(): base is null, name is C:/liferay-plugins-sdk-6.1.0/portlets/HomeContent-portlet/liferay/${external-properties}
18:14:05.830 [main] DEBUG o.a.c.c.ConfigurationUtils - ConfigurationUtils.locate(): base is null, name is ${external-properties}
18:14:05.833 [main] DEBUG o.a.c.c.ConfigurationUtils - ConfigurationUtils.locate(): base is null, name is C:/liferay-plugins-sdk-6.1.0/portlets/HomeContent-portlet/liferay/portal-${easyconf:companyId}.properties
18:14:05.841 [main] DEBUG o.a.c.c.ConfigurationUtils - ConfigurationUtils.locate(): base is null, name is portal-${easyconf:companyId}.properties
18:14:05.843 [main] DEBUG o.a.c.c.ConfigurationUtils - ConfigurationUtils.locate(): base is null, name is C:/liferay-plugins-sdk-6.1.0/portlets/HomeContent-portlet/liferay/portal-setup-wizard.properties
18:14:05.934 [main] DEBUG o.a.c.c.ConfigurationUtils - ConfigurationUtils.locate(): base is null, name is portal-setup-wizard.properties
18:14:05.936 [main] DEBUG o.a.c.c.ConfigurationUtils - ConfigurationUtils.locate(): base is null, name is C:/liferay-plugins-sdk-6.1.0/portlets/HomeContent-portlet/liferay/portal-ext.properties
18:14:05.945 [main] DEBUG o.a.c.c.ConfigurationUtils - ConfigurationUtils.locate(): base is null, name is portal-ext.properties
18:14:05.948 [main] DEBUG o.a.c.c.ConfigurationUtils - ConfigurationUtils.locate(): base is null, name is C:/liferay-plugins-sdk-6.1.0/portlets/HomeContent-portlet/liferay/portal-bundle.properties
18:14:06.040 [main] DEBUG o.a.c.c.ConfigurationUtils - ConfigurationUtils.locate(): base is null, name is portal-bundle.properties
18:15:48.335 [main] DEBUG o.a.c.c.ConfigurationUtils - ConfigurationUtils.locate(): base is null, name is global-configuration.properties
18:15:48.365 [main] DEBUG o.a.c.c.ConfigurationUtils - ConfigurationUtils.locate(): base is null, name is jar:file:/C:/apache-tomcat-7.0.25/webapps/portal/WEB-INF/lib/portal-impl.jar!/portal.properties
18:15:48.366 [main] DEBUG o.a.c.c.ConfigurationUtils - Loading configuration from the URL jar:file:/C:/apache-tomcat-7.0.25/webapps/portal/WEB-INF/lib/portal-impl.jar!/portal.properties
18:15:48.935 [main] DEBUG o.a.c.c.ConfigurationUtils - ConfigurationUtils.locate(): base is null, name is C:/liferay-plugins-sdk-6.1.0/portlets/HomeContent-portlet/liferay/${external-properties}
18:15:48.947 [main] DEBUG o.a.c.c.ConfigurationUtils - ConfigurationUtils.locate(): base is null, name is ${external-properties}
18:15:48.950 [main] DEBUG o.a.c.c.ConfigurationUtils - ConfigurationUtils.locate(): base is null, name is C:/liferay-plugins-sdk-6.1.0/portlets/HomeContent-portlet/liferay/portal-${easyconf:companyId}.properties
18:15:48.976 [main] DEBUG o.a.c.c.ConfigurationUtils - ConfigurationUtils.locate(): base is null, name is portal-${easyconf:companyId}.properties
18:15:48.979 [main] DEBUG o.a.c.c.ConfigurationUtils - ConfigurationUtils.locate(): base is null, name is C:/liferay-plugins-sdk-6.1.0/portlets/HomeContent-portlet/liferay/portal-setup-wizard.properties
18:15:48.992 [main] DEBUG o.a.c.c.ConfigurationUtils - ConfigurationUtils.locate(): base is null, name is portal-setup-wizard.properties
18:15:48.994 [main] DEBUG o.a.c.c.ConfigurationUtils - ConfigurationUtils.locate(): base is null, name is C:/liferay-plugins-sdk-6.1.0/portlets/HomeContent-portlet/liferay/portal-ext.properties
18:15:49.079 [main] DEBUG o.a.c.c.ConfigurationUtils - ConfigurationUtils.locate(): base is null, name is portal-ext.properties
18:15:49.081 [main] DEBUG o.a.c.c.ConfigurationUtils - ConfigurationUtils.locate(): base is null, name is C:/liferay-plugins-sdk-6.1.0/portlets/HomeContent-portlet/liferay/portal-bundle.properties
18:15:49.092 [main] DEBUG o.a.c.c.ConfigurationUtils - ConfigurationUtils.locate(): base is null, name is portal-bundle.properties
18:19:06.123 [main] DEBUG o.a.c.c.ConfigurationUtils - ConfigurationUtils.locate(): base is null, name is global-configuration.properties
18:19:06.151 [main] DEBUG o.a.c.c.ConfigurationUtils - ConfigurationUtils.locate(): base is null, name is jar:file:/C:/apache-tomcat-7.0.25/webapps/portal/WEB-INF/lib/portal-impl.jar!/portal.properties
18:19:06.152 [main] DEBUG o.a.c.c.ConfigurationUtils - Loading configuration from the URL jar:file:/C:/apache-tomcat-7.0.25/webapps/portal/WEB-INF/lib/portal-impl.jar!/portal.properties
18:19:06.752 [main] DEBUG o.a.c.c.ConfigurationUtils - ConfigurationUtils.locate(): base is null, name is C:/liferay-plugins-sdk-6.1.0/portlets/HomeContent-portlet/liferay/${external-properties}
18:19:06.770 [main] DEBUG o.a.c.c.ConfigurationUtils - ConfigurationUtils.locate(): base is null, name is ${external-properties}
18:19:06.774 [main] DEBUG o.a.c.c.ConfigurationUtils - ConfigurationUtils.locate(): base is null, name is C:/liferay-plugins-sdk-6.1.0/portlets/HomeContent-portlet/liferay/portal-${easyconf:companyId}.properties
18:19:06.854 [main] DEBUG o.a.c.c.ConfigurationUtils - ConfigurationUtils.locate(): base is null, name is portal-${easyconf:companyId}.properties
18:19:06.857 [main] DEBUG o.a.c.c.ConfigurationUtils - ConfigurationUtils.locate(): base is null, name is C:/liferay-plugins-sdk-6.1.0/portlets/HomeContent-portlet/liferay/portal-setup-wizard.properties
18:19:06.868 [main] DEBUG o.a.c.c.ConfigurationUtils - ConfigurationUtils.locate(): base is null, name is portal-setup-wizard.properties
18:19:06.871 [main] DEBUG o.a.c.c.ConfigurationUtils - ConfigurationUtils.locate(): base is null, name is C:/liferay-plugins-sdk-6.1.0/portlets/HomeContent-portlet/liferay/portal-ext.properties
18:19:06.957 [main] DEBUG o.a.c.c.ConfigurationUtils - ConfigurationUtils.locate(): base is null, name is portal-ext.properties
18:19:06.961 [main] DEBUG o.a.c.c.ConfigurationUtils - ConfigurationUtils.locate(): base is null, name is C:/liferay-plugins-sdk-6.1.0/portlets/HomeContent-portlet/liferay/portal-bundle.properties
18:19:06.972 [main] DEBUG o.a.c.c.ConfigurationUtils - ConfigurationUtils.locate(): base is null, name is portal-bundle.properties
16:24:14.907 [main] DEBUG o.a.c.c.ConfigurationUtils - ConfigurationUtils.locate(): base is null, name is global-configuration.properties
16:24:14.955 [main] DEBUG o.a.c.c.ConfigurationUtils - ConfigurationUtils.locate(): base is null, name is jar:file:/C:/apache-tomcat-7.0.25/webapps/portal/WEB-INF/lib/portal-impl.jar!/portal.properties
16:24:14.956 [main] DEBUG o.a.c.c.ConfigurationUtils - Loading configuration from the URL jar:file:/C:/apache-tomcat-7.0.25/webapps/portal/WEB-INF/lib/portal-impl.jar!/portal.properties
16:24:15.564 [main] DEBUG o.a.c.c.ConfigurationUtils - ConfigurationUtils.locate(): base is null, name is C:/liferay-plugins-sdk-6.1.0/portlets/HomeContent-portlet/liferay/${external-properties}
16:24:15.575 [main] DEBUG o.a.c.c.ConfigurationUtils - ConfigurationUtils.locate(): base is null, name is ${external-properties}
16:24:15.578 [main] DEBUG o.a.c.c.ConfigurationUtils - ConfigurationUtils.locate(): base is null, name is C:/liferay-plugins-sdk-6.1.0/portlets/HomeContent-portlet/liferay/portal-${easyconf:companyId}.properties
16:24:15.649 [main] DEBUG o.a.c.c.ConfigurationUtils - ConfigurationUtils.locate(): base is null, name is portal-${easyconf:companyId}.properties
16:24:15.652 [main] DEBUG o.a.c.c.ConfigurationUtils - ConfigurationUtils.locate(): base is null, name is C:/liferay-plugins-sdk-6.1.0/portlets/HomeContent-portlet/liferay/portal-setup-wizard.properties
16:24:15.663 [main] DEBUG o.a.c.c.ConfigurationUtils - ConfigurationUtils.locate(): base is null, name is portal-setup-wizard.properties
16:24:15.666 [main] DEBUG o.a.c.c.ConfigurationUtils - ConfigurationUtils.locate(): base is null, name is C:/liferay-plugins-sdk-6.1.0/portlets/HomeContent-portlet/liferay/portal-ext.properties
16:24:15.752 [main] DEBUG o.a.c.c.ConfigurationUtils - ConfigurationUtils.locate(): base is null, name is portal-ext.properties
16:24:15.756 [main] DEBUG o.a.c.c.ConfigurationUtils - ConfigurationUtils.locate(): base is null, name is C:/liferay-plugins-sdk-6.1.0/portlets/HomeContent-portlet/liferay/portal-bundle.properties
16:24:15.767 [main] DEBUG o.a.c.c.ConfigurationUtils - ConfigurationUtils.locate(): base is null, name is portal-bundle.properties
16:26:25.772 [main] DEBUG o.a.c.c.ConfigurationUtils - ConfigurationUtils.locate(): base is null, name is global-configuration.properties
16:26:25.790 [main] DEBUG o.a.c.c.ConfigurationUtils - ConfigurationUtils.locate(): base is null, name is jar:file:/C:/apache-tomcat-7.0.25/webapps/portal/WEB-INF/lib/portal-impl.jar!/portal.properties
16:26:25.791 [main] DEBUG o.a.c.c.ConfigurationUtils - Loading configuration from the URL jar:file:/C:/apache-tomcat-7.0.25/webapps/portal/WEB-INF/lib/portal-impl.jar!/portal.properties
16:26:26.356 [main] DEBUG o.a.c.c.ConfigurationUtils - ConfigurationUtils.locate(): base is null, name is C:/liferay-plugins-sdk-6.1.0/portlets/HomeContent-portlet/liferay/${external-properties}
16:26:26.374 [main] DEBUG o.a.c.c.ConfigurationUtils - ConfigurationUtils.locate(): base is null, name is ${external-properties}
16:26:26.377 [main] DEBUG o.a.c.c.ConfigurationUtils - ConfigurationUtils.locate(): base is null, name is C:/liferay-plugins-sdk-6.1.0/portlets/HomeContent-portlet/liferay/portal-${easyconf:companyId}.properties
16:26:26.396 [main] DEBUG o.a.c.c.ConfigurationUtils - ConfigurationUtils.locate(): base is null, name is portal-${easyconf:companyId}.properties
16:26:26.400 [main] DEBUG o.a.c.c.ConfigurationUtils - ConfigurationUtils.locate(): base is null, name is C:/liferay-plugins-sdk-6.1.0/portlets/HomeContent-portlet/liferay/portal-setup-wizard.properties
16:26:26.409 [main] DEBUG o.a.c.c.ConfigurationUtils - ConfigurationUtils.locate(): base is null, name is portal-setup-wizard.properties
16:26:26.412 [main] DEBUG o.a.c.c.ConfigurationUtils - ConfigurationUtils.locate(): base is null, name is C:/liferay-plugins-sdk-6.1.0/portlets/HomeContent-portlet/liferay/portal-ext.properties
16:26:26.500 [main] DEBUG o.a.c.c.ConfigurationUtils - ConfigurationUtils.locate(): base is null, name is portal-ext.properties
16:26:26.502 [main] DEBUG o.a.c.c.ConfigurationUtils - ConfigurationUtils.locate(): base is null, name is C:/liferay-plugins-sdk-6.1.0/portlets/HomeContent-portlet/liferay/portal-bundle.properties
16:26:26.512 [main] DEBUG o.a.c.c.ConfigurationUtils - ConfigurationUtils.locate(): base is null, name is portal-bundle.properties
16:27:01.113 [main] DEBUG o.a.c.c.ConfigurationUtils - ConfigurationUtils.locate(): base is null, name is global-configuration.properties
16:27:01.145 [main] DEBUG o.a.c.c.ConfigurationUtils - ConfigurationUtils.locate(): base is null, name is jar:file:/C:/apache-tomcat-7.0.25/webapps/portal/WEB-INF/lib/portal-impl.jar!/portal.properties
16:27:01.145 [main] DEBUG o.a.c.c.ConfigurationUtils - Loading configuration from the URL jar:file:/C:/apache-tomcat-7.0.25/webapps/portal/WEB-INF/lib/portal-impl.jar!/portal.properties
16:27:01.910 [main] DEBUG o.a.c.c.ConfigurationUtils - ConfigurationUtils.locate(): base is null, name is C:/liferay-plugins-sdk-6.1.0/portlets/HomeContent-portlet/liferay/${external-properties}
16:27:02.006 [main] DEBUG o.a.c.c.ConfigurationUtils - ConfigurationUtils.locate(): base is null, name is ${external-properties}
16:27:02.009 [main] DEBUG o.a.c.c.ConfigurationUtils - ConfigurationUtils.locate(): base is null, name is C:/liferay-plugins-sdk-6.1.0/portlets/HomeContent-portlet/liferay/portal-${easyconf:companyId}.properties
16:27:02.025 [main] DEBUG o.a.c.c.ConfigurationUtils - ConfigurationUtils.locate(): base is null, name is portal-${easyconf:companyId}.properties
16:27:02.030 [main] DEBUG o.a.c.c.ConfigurationUtils - ConfigurationUtils.locate(): base is null, name is C:/liferay-plugins-sdk-6.1.0/portlets/HomeContent-portlet/liferay/portal-setup-wizard.properties
16:27:02.045 [main] DEBUG o.a.c.c.ConfigurationUtils - ConfigurationUtils.locate(): base is null, name is portal-setup-wizard.properties
16:27:02.049 [main] DEBUG o.a.c.c.ConfigurationUtils - ConfigurationUtils.locate(): base is null, name is C:/liferay-plugins-sdk-6.1.0/portlets/HomeContent-portlet/liferay/portal-ext.properties
16:27:02.398 [main] DEBUG o.a.c.c.ConfigurationUtils - ConfigurationUtils.locate(): base is null, name is portal-ext.properties
16:27:02.402 [main] DEBUG o.a.c.c.ConfigurationUtils - ConfigurationUtils.locate(): base is null, name is C:/liferay-plugins-sdk-6.1.0/portlets/HomeContent-portlet/liferay/portal-bundle.properties
16:27:02.415 [main] DEBUG o.a.c.c.ConfigurationUtils - ConfigurationUtils.locate(): base is null, name is portal-bundle.properties
16:44:40.294 [main] DEBUG o.a.c.c.ConfigurationUtils - ConfigurationUtils.locate(): base is null, name is global-configuration.properties
16:44:40.369 [main] DEBUG o.a.c.c.ConfigurationUtils - ConfigurationUtils.locate(): base is null, name is jar:file:/C:/apache-tomcat-7.0.25/webapps/portal/WEB-INF/lib/portal-impl.jar!/portal.properties
16:44:40.369 [main] DEBUG o.a.c.c.ConfigurationUtils - Loading configuration from the URL jar:file:/C:/apache-tomcat-7.0.25/webapps/portal/WEB-INF/lib/portal-impl.jar!/portal.properties
16:44:40.958 [main] DEBUG o.a.c.c.ConfigurationUtils - ConfigurationUtils.locate(): base is null, name is C:/liferay-plugins-sdk-6.1.0/portlets/HomeContent-portlet/liferay/${external-properties}
16:44:40.978 [main] DEBUG o.a.c.c.ConfigurationUtils - ConfigurationUtils.locate(): base is null, name is ${external-properties}
16:44:40.987 [main] DEBUG o.a.c.c.ConfigurationUtils - ConfigurationUtils.locate(): base is null, name is C:/liferay-plugins-sdk-6.1.0/portlets/HomeContent-portlet/liferay/portal-${easyconf:companyId}.properties
16:44:41.000 [main] DEBUG o.a.c.c.ConfigurationUtils - ConfigurationUtils.locate(): base is null, name is portal-${easyconf:companyId}.properties
16:44:41.002 [main] DEBUG o.a.c.c.ConfigurationUtils - ConfigurationUtils.locate(): base is null, name is C:/liferay-plugins-sdk-6.1.0/portlets/HomeContent-portlet/liferay/portal-setup-wizard.properties
16:44:41.014 [main] DEBUG o.a.c.c.ConfigurationUtils - ConfigurationUtils.locate(): base is null, name is portal-setup-wizard.properties
16:44:41.018 [main] DEBUG o.a.c.c.ConfigurationUtils - ConfigurationUtils.locate(): base is null, name is C:/liferay-plugins-sdk-6.1.0/portlets/HomeContent-portlet/liferay/portal-ext.properties
16:44:41.102 [main] DEBUG o.a.c.c.ConfigurationUtils - ConfigurationUtils.locate(): base is null, name is portal-ext.properties
16:44:41.105 [main] DEBUG o.a.c.c.ConfigurationUtils - ConfigurationUtils.locate(): base is null, name is C:/liferay-plugins-sdk-6.1.0/portlets/HomeContent-portlet/liferay/portal-bundle.properties
16:44:41.117 [main] DEBUG o.a.c.c.ConfigurationUtils - ConfigurationUtils.locate(): base is null, name is portal-bundle.properties
16:45:18.495 [main] DEBUG o.a.c.c.ConfigurationUtils - ConfigurationUtils.locate(): base is null, name is global-configuration.properties
16:45:18.530 [main] DEBUG o.a.c.c.ConfigurationUtils - ConfigurationUtils.locate(): base is null, name is jar:file:/C:/apache-tomcat-7.0.25/webapps/portal/WEB-INF/lib/portal-impl.jar!/portal.properties
16:45:18.531 [main] DEBUG o.a.c.c.ConfigurationUtils - Loading configuration from the URL jar:file:/C:/apache-tomcat-7.0.25/webapps/portal/WEB-INF/lib/portal-impl.jar!/portal.properties
16:45:19.293 [main] DEBUG o.a.c.c.ConfigurationUtils - ConfigurationUtils.locate(): base is null, name is C:/liferay-plugins-sdk-6.1.0/portlets/HomeContent-portlet/liferay/${external-properties}
16:45:19.311 [main] DEBUG o.a.c.c.ConfigurationUtils - ConfigurationUtils.locate(): base is null, name is ${external-properties}
16:45:19.314 [main] DEBUG o.a.c.c.ConfigurationUtils - ConfigurationUtils.locate(): base is null, name is C:/liferay-plugins-sdk-6.1.0/portlets/HomeContent-portlet/liferay/portal-${easyconf:companyId}.properties
16:45:19.355 [main] DEBUG o.a.c.c.ConfigurationUtils - ConfigurationUtils.locate(): base is null, name is portal-${easyconf:companyId}.properties
16:45:19.359 [main] DEBUG o.a.c.c.ConfigurationUtils - ConfigurationUtils.locate(): base is null, name is C:/liferay-plugins-sdk-6.1.0/portlets/HomeContent-portlet/liferay/portal-setup-wizard.properties
16:45:19.375 [main] DEBUG o.a.c.c.ConfigurationUtils - ConfigurationUtils.locate(): base is null, name is portal-setup-wizard.properties
16:45:19.377 [main] DEBUG o.a.c.c.ConfigurationUtils - ConfigurationUtils.locate(): base is null, name is C:/liferay-plugins-sdk-6.1.0/portlets/HomeContent-portlet/liferay/portal-ext.properties
16:45:19.394 [main] DEBUG o.a.c.c.ConfigurationUtils - ConfigurationUtils.locate(): base is null, name is portal-ext.properties
16:45:19.397 [main] DEBUG o.a.c.c.ConfigurationUtils - ConfigurationUtils.locate(): base is null, name is C:/liferay-plugins-sdk-6.1.0/portlets/HomeContent-portlet/liferay/portal-bundle.properties
16:45:19.413 [main] DEBUG o.a.c.c.ConfigurationUtils - ConfigurationUtils.locate(): base is null, name is portal-bundle.properties
16:47:05.148 [main] DEBUG o.a.c.c.ConfigurationUtils - ConfigurationUtils.locate(): base is null, name is global-configuration.properties
16:47:05.180 [main] DEBUG o.a.c.c.ConfigurationUtils - ConfigurationUtils.locate(): base is null, name is jar:file:/C:/apache-tomcat-7.0.25/webapps/portal/WEB-INF/lib/portal-impl.jar!/portal.properties
16:47:05.181 [main] DEBUG o.a.c.c.ConfigurationUtils - Loading configuration from the URL jar:file:/C:/apache-tomcat-7.0.25/webapps/portal/WEB-INF/lib/portal-impl.jar!/portal.properties
16:47:05.422 [main] DEBUG o.a.c.c.ConfigurationUtils - ConfigurationUtils.locate(): base is null, name is C:/liferay-plugins-sdk-6.1.0/portlets/HomeContent-portlet/liferay/${external-properties}
16:47:05.432 [main] DEBUG o.a.c.c.ConfigurationUtils - ConfigurationUtils.locate(): base is null, name is ${external-properties}
16:47:05.434 [main] DEBUG o.a.c.c.ConfigurationUtils - ConfigurationUtils.locate(): base is null, name is C:/liferay-plugins-sdk-6.1.0/portlets/HomeContent-portlet/liferay/portal-${easyconf:companyId}.properties
16:47:05.503 [main] DEBUG o.a.c.c.ConfigurationUtils - ConfigurationUtils.locate(): base is null, name is portal-${easyconf:companyId}.properties
16:47:05.505 [main] DEBUG o.a.c.c.ConfigurationUtils - ConfigurationUtils.locate(): base is null, name is C:/liferay-plugins-sdk-6.1.0/portlets/HomeContent-portlet/liferay/portal-setup-wizard.properties
16:47:05.514 [main] DEBUG o.a.c.c.ConfigurationUtils - ConfigurationUtils.locate(): base is null, name is portal-setup-wizard.properties
16:47:05.517 [main] DEBUG o.a.c.c.ConfigurationUtils - ConfigurationUtils.locate(): base is null, name is C:/liferay-plugins-sdk-6.1.0/portlets/HomeContent-portlet/liferay/portal-ext.properties
16:47:05.611 [main] DEBUG o.a.c.c.ConfigurationUtils - ConfigurationUtils.locate(): base is null, name is portal-ext.properties
16:47:05.614 [main] DEBUG o.a.c.c.ConfigurationUtils - ConfigurationUtils.locate(): base is null, name is C:/liferay-plugins-sdk-6.1.0/portlets/HomeContent-portlet/liferay/portal-bundle.properties
16:47:05.627 [main] DEBUG o.a.c.c.ConfigurationUtils - ConfigurationUtils.locate(): base is null, name is portal-bundle.properties
16:57:01.306 [main] DEBUG o.a.c.c.ConfigurationUtils - ConfigurationUtils.locate(): base is null, name is global-configuration.properties
16:57:01.340 [main] DEBUG o.a.c.c.ConfigurationUtils - ConfigurationUtils.locate(): base is null, name is jar:file:/C:/apache-tomcat-7.0.25/webapps/portal/WEB-INF/lib/portal-impl.jar!/portal.properties
16:57:01.341 [main] DEBUG o.a.c.c.ConfigurationUtils - Loading configuration from the URL jar:file:/C:/apache-tomcat-7.0.25/webapps/portal/WEB-INF/lib/portal-impl.jar!/portal.properties
16:57:01.759 [main] DEBUG o.a.c.c.ConfigurationUtils - ConfigurationUtils.locate(): base is null, name is C:/liferay-plugins-sdk-6.1.0/portlets/HomeContent-portlet/liferay/${external-properties}
16:57:01.777 [main] DEBUG o.a.c.c.ConfigurationUtils - ConfigurationUtils.locate(): base is null, name is ${external-properties}
16:57:01.781 [main] DEBUG o.a.c.c.ConfigurationUtils - ConfigurationUtils.locate(): base is null, name is C:/liferay-plugins-sdk-6.1.0/portlets/HomeContent-portlet/liferay/portal-${easyconf:companyId}.properties
16:57:01.836 [main] DEBUG o.a.c.c.ConfigurationUtils - ConfigurationUtils.locate(): base is null, name is portal-${easyconf:companyId}.properties
16:57:01.838 [main] DEBUG o.a.c.c.ConfigurationUtils - ConfigurationUtils.locate(): base is null, name is C:/liferay-plugins-sdk-6.1.0/portlets/HomeContent-portlet/liferay/portal-setup-wizard.properties
16:57:01.847 [main] DEBUG o.a.c.c.ConfigurationUtils - ConfigurationUtils.locate(): base is null, name is portal-setup-wizard.properties
16:57:01.849 [main] DEBUG o.a.c.c.ConfigurationUtils - ConfigurationUtils.locate(): base is null, name is C:/liferay-plugins-sdk-6.1.0/portlets/HomeContent-portlet/liferay/portal-ext.properties
16:57:01.944 [main] DEBUG o.a.c.c.ConfigurationUtils - ConfigurationUtils.locate(): base is null, name is portal-ext.properties
16:57:01.947 [main] DEBUG o.a.c.c.ConfigurationUtils - ConfigurationUtils.locate(): base is null, name is C:/liferay-plugins-sdk-6.1.0/portlets/HomeContent-portlet/liferay/portal-bundle.properties
16:57:01.958 [main] DEBUG o.a.c.c.ConfigurationUtils - ConfigurationUtils.locate(): base is null, name is portal-bundle.properties
16:58:06.234 [main] DEBUG o.a.c.c.ConfigurationUtils - ConfigurationUtils.locate(): base is null, name is global-configuration.properties
16:58:06.264 [main] DEBUG o.a.c.c.ConfigurationUtils - ConfigurationUtils.locate(): base is null, name is jar:file:/C:/apache-tomcat-7.0.25/webapps/portal/WEB-INF/lib/portal-impl.jar!/portal.properties
16:58:06.265 [main] DEBUG o.a.c.c.ConfigurationUtils - Loading configuration from the URL jar:file:/C:/apache-tomcat-7.0.25/webapps/portal/WEB-INF/lib/portal-impl.jar!/portal.properties
16:58:06.505 [main] DEBUG o.a.c.c.ConfigurationUtils - ConfigurationUtils.locate(): base is null, name is C:/liferay-plugins-sdk-6.1.0/portlets/HomeContent-portlet/liferay/${external-properties}
16:58:06.518 [main] DEBUG o.a.c.c.ConfigurationUtils - ConfigurationUtils.locate(): base is null, name is ${external-properties}
16:58:06.520 [main] DEBUG o.a.c.c.ConfigurationUtils - ConfigurationUtils.locate(): base is null, name is C:/liferay-plugins-sdk-6.1.0/portlets/HomeContent-portlet/liferay/portal-${easyconf:companyId}.properties
16:58:06.528 [main] DEBUG o.a.c.c.ConfigurationUtils - ConfigurationUtils.locate(): base is null, name is portal-${easyconf:companyId}.properties
16:58:06.531 [main] DEBUG o.a.c.c.ConfigurationUtils - ConfigurationUtils.locate(): base is null, name is C:/liferay-plugins-sdk-6.1.0/portlets/HomeContent-portlet/liferay/portal-setup-wizard.properties
16:58:06.624 [main] DEBUG o.a.c.c.ConfigurationUtils - ConfigurationUtils.locate(): base is null, name is portal-setup-wizard.properties
16:58:06.627 [main] DEBUG o.a.c.c.ConfigurationUtils - ConfigurationUtils.locate(): base is null, name is C:/liferay-plugins-sdk-6.1.0/portlets/HomeContent-portlet/liferay/portal-ext.properties
16:58:06.641 [main] DEBUG o.a.c.c.ConfigurationUtils - ConfigurationUtils.locate(): base is null, name is portal-ext.properties
16:58:06.646 [main] DEBUG o.a.c.c.ConfigurationUtils - ConfigurationUtils.locate(): base is null, name is C:/liferay-plugins-sdk-6.1.0/portlets/HomeContent-portlet/liferay/portal-bundle.properties
16:58:06.725 [main] DEBUG o.a.c.c.ConfigurationUtils - ConfigurationUtils.locate(): base is null, name is portal-bundle.properties
