15:03:38.050 [main] DEBUG o.a.c.c.ConfigurationUtils - ConfigurationUtils.locate(): base is null, name is global-configuration.properties
15:03:38.079 [main] DEBUG o.a.c.c.ConfigurationUtils - ConfigurationUtils.locate(): base is null, name is jar:file:/C:/apache-tomcat-7.0.25/webapps/portal/WEB-INF/lib/portal-impl.jar!/portal.properties
15:03:38.080 [main] DEBUG o.a.c.c.ConfigurationUtils - Loading configuration from the URL jar:file:/C:/apache-tomcat-7.0.25/webapps/portal/WEB-INF/lib/portal-impl.jar!/portal.properties
15:03:38.536 [main] DEBUG o.a.c.c.ConfigurationUtils - ConfigurationUtils.locate(): base is null, name is C:/liferay-plugins-sdk-6.1.0/portlets/headerfooter-portlet/liferay/${external-properties}
15:03:38.546 [main] DEBUG o.a.c.c.ConfigurationUtils - ConfigurationUtils.locate(): base is null, name is ${external-properties}
15:03:38.548 [main] DEBUG o.a.c.c.ConfigurationUtils - ConfigurationUtils.locate(): base is null, name is C:/liferay-plugins-sdk-6.1.0/portlets/headerfooter-portlet/liferay/portal-${easyconf:companyId}.properties
15:03:38.635 [main] DEBUG o.a.c.c.ConfigurationUtils - ConfigurationUtils.locate(): base is null, name is portal-${easyconf:companyId}.properties
15:03:38.638 [main] DEBUG o.a.c.c.ConfigurationUtils - ConfigurationUtils.locate(): base is null, name is C:/liferay-plugins-sdk-6.1.0/portlets/headerfooter-portlet/liferay/portal-setup-wizard.properties
15:03:38.647 [main] DEBUG o.a.c.c.ConfigurationUtils - ConfigurationUtils.locate(): base is null, name is portal-setup-wizard.properties
15:03:38.650 [main] DEBUG o.a.c.c.ConfigurationUtils - ConfigurationUtils.locate(): base is null, name is C:/liferay-plugins-sdk-6.1.0/portlets/headerfooter-portlet/liferay/portal-ext.properties
15:03:38.738 [main] DEBUG o.a.c.c.ConfigurationUtils - ConfigurationUtils.locate(): base is null, name is portal-ext.properties
15:03:38.740 [main] DEBUG o.a.c.c.ConfigurationUtils - ConfigurationUtils.locate(): base is null, name is C:/liferay-plugins-sdk-6.1.0/portlets/headerfooter-portlet/liferay/portal-bundle.properties
15:03:38.750 [main] DEBUG o.a.c.c.ConfigurationUtils - ConfigurationUtils.locate(): base is null, name is portal-bundle.properties
15:33:52.739 [main] DEBUG o.a.c.c.ConfigurationUtils - ConfigurationUtils.locate(): base is null, name is global-configuration.properties
15:33:52.778 [main] DEBUG o.a.c.c.ConfigurationUtils - ConfigurationUtils.locate(): base is null, name is jar:file:/C:/apache-tomcat-7.0.25/webapps/portal/WEB-INF/lib/portal-impl.jar!/portal.properties
15:33:52.779 [main] DEBUG o.a.c.c.ConfigurationUtils - Loading configuration from the URL jar:file:/C:/apache-tomcat-7.0.25/webapps/portal/WEB-INF/lib/portal-impl.jar!/portal.properties
15:33:53.269 [main] DEBUG o.a.c.c.ConfigurationUtils - ConfigurationUtils.locate(): base is null, name is C:/liferay-plugins-sdk-6.1.0/portlets/headerfooter-portlet/liferay/${external-properties}
15:33:53.285 [main] DEBUG o.a.c.c.ConfigurationUtils - ConfigurationUtils.locate(): base is null, name is ${external-properties}
15:33:53.290 [main] DEBUG o.a.c.c.ConfigurationUtils - ConfigurationUtils.locate(): base is null, name is C:/liferay-plugins-sdk-6.1.0/portlets/headerfooter-portlet/liferay/portal-${easyconf:companyId}.properties
15:33:53.316 [main] DEBUG o.a.c.c.ConfigurationUtils - ConfigurationUtils.locate(): base is null, name is portal-${easyconf:companyId}.properties
15:33:53.321 [main] DEBUG o.a.c.c.ConfigurationUtils - ConfigurationUtils.locate(): base is null, name is C:/liferay-plugins-sdk-6.1.0/portlets/headerfooter-portlet/liferay/portal-setup-wizard.properties
15:33:53.339 [main] DEBUG o.a.c.c.ConfigurationUtils - ConfigurationUtils.locate(): base is null, name is portal-setup-wizard.properties
15:33:53.344 [main] DEBUG o.a.c.c.ConfigurationUtils - ConfigurationUtils.locate(): base is null, name is C:/liferay-plugins-sdk-6.1.0/portlets/headerfooter-portlet/liferay/portal-ext.properties
15:33:53.417 [main] DEBUG o.a.c.c.ConfigurationUtils - ConfigurationUtils.locate(): base is null, name is portal-ext.properties
15:33:53.419 [main] DEBUG o.a.c.c.ConfigurationUtils - ConfigurationUtils.locate(): base is null, name is C:/liferay-plugins-sdk-6.1.0/portlets/headerfooter-portlet/liferay/portal-bundle.properties
15:33:53.429 [main] DEBUG o.a.c.c.ConfigurationUtils - ConfigurationUtils.locate(): base is null, name is portal-bundle.properties
15:36:18.031 [main] DEBUG o.a.c.c.ConfigurationUtils - ConfigurationUtils.locate(): base is null, name is global-configuration.properties
15:36:18.062 [main] DEBUG o.a.c.c.ConfigurationUtils - ConfigurationUtils.locate(): base is null, name is jar:file:/C:/apache-tomcat-7.0.25/webapps/portal/WEB-INF/lib/portal-impl.jar!/portal.properties
15:36:18.063 [main] DEBUG o.a.c.c.ConfigurationUtils - Loading configuration from the URL jar:file:/C:/apache-tomcat-7.0.25/webapps/portal/WEB-INF/lib/portal-impl.jar!/portal.properties
15:36:18.599 [main] DEBUG o.a.c.c.ConfigurationUtils - ConfigurationUtils.locate(): base is null, name is C:/liferay-plugins-sdk-6.1.0/portlets/headerfooter-portlet/liferay/${external-properties}
15:36:18.609 [main] DEBUG o.a.c.c.ConfigurationUtils - ConfigurationUtils.locate(): base is null, name is ${external-properties}
15:36:18.612 [main] DEBUG o.a.c.c.ConfigurationUtils - ConfigurationUtils.locate(): base is null, name is C:/liferay-plugins-sdk-6.1.0/portlets/headerfooter-portlet/liferay/portal-${easyconf:companyId}.properties
15:36:18.657 [main] DEBUG o.a.c.c.ConfigurationUtils - ConfigurationUtils.locate(): base is null, name is portal-${easyconf:companyId}.properties
15:36:18.660 [main] DEBUG o.a.c.c.ConfigurationUtils - ConfigurationUtils.locate(): base is null, name is C:/liferay-plugins-sdk-6.1.0/portlets/headerfooter-portlet/liferay/portal-setup-wizard.properties
15:36:18.669 [main] DEBUG o.a.c.c.ConfigurationUtils - ConfigurationUtils.locate(): base is null, name is portal-setup-wizard.properties
15:36:18.672 [main] DEBUG o.a.c.c.ConfigurationUtils - ConfigurationUtils.locate(): base is null, name is C:/liferay-plugins-sdk-6.1.0/portlets/headerfooter-portlet/liferay/portal-ext.properties
15:36:18.760 [main] DEBUG o.a.c.c.ConfigurationUtils - ConfigurationUtils.locate(): base is null, name is portal-ext.properties
15:36:18.763 [main] DEBUG o.a.c.c.ConfigurationUtils - ConfigurationUtils.locate(): base is null, name is C:/liferay-plugins-sdk-6.1.0/portlets/headerfooter-portlet/liferay/portal-bundle.properties
15:36:18.773 [main] DEBUG o.a.c.c.ConfigurationUtils - ConfigurationUtils.locate(): base is null, name is portal-bundle.properties
15:37:26.261 [main] DEBUG o.a.c.c.ConfigurationUtils - ConfigurationUtils.locate(): base is null, name is global-configuration.properties
15:37:26.316 [main] DEBUG o.a.c.c.ConfigurationUtils - ConfigurationUtils.locate(): base is null, name is jar:file:/C:/apache-tomcat-7.0.25/webapps/portal/WEB-INF/lib/portal-impl.jar!/portal.properties
15:37:26.317 [main] DEBUG o.a.c.c.ConfigurationUtils - Loading configuration from the URL jar:file:/C:/apache-tomcat-7.0.25/webapps/portal/WEB-INF/lib/portal-impl.jar!/portal.properties
15:37:26.961 [main] DEBUG o.a.c.c.ConfigurationUtils - ConfigurationUtils.locate(): base is null, name is C:/liferay-plugins-sdk-6.1.0/portlets/headerfooter-portlet/liferay/${external-properties}
15:37:26.971 [main] DEBUG o.a.c.c.ConfigurationUtils - ConfigurationUtils.locate(): base is null, name is ${external-properties}
15:37:26.973 [main] DEBUG o.a.c.c.ConfigurationUtils - ConfigurationUtils.locate(): base is null, name is C:/liferay-plugins-sdk-6.1.0/portlets/headerfooter-portlet/liferay/portal-${easyconf:companyId}.properties
15:37:27.026 [main] DEBUG o.a.c.c.ConfigurationUtils - ConfigurationUtils.locate(): base is null, name is portal-${easyconf:companyId}.properties
15:37:27.029 [main] DEBUG o.a.c.c.ConfigurationUtils - ConfigurationUtils.locate(): base is null, name is C:/liferay-plugins-sdk-6.1.0/portlets/headerfooter-portlet/liferay/portal-setup-wizard.properties
15:37:27.039 [main] DEBUG o.a.c.c.ConfigurationUtils - ConfigurationUtils.locate(): base is null, name is portal-setup-wizard.properties
15:37:27.041 [main] DEBUG o.a.c.c.ConfigurationUtils - ConfigurationUtils.locate(): base is null, name is C:/liferay-plugins-sdk-6.1.0/portlets/headerfooter-portlet/liferay/portal-ext.properties
15:37:27.127 [main] DEBUG o.a.c.c.ConfigurationUtils - ConfigurationUtils.locate(): base is null, name is portal-ext.properties
15:37:27.129 [main] DEBUG o.a.c.c.ConfigurationUtils - ConfigurationUtils.locate(): base is null, name is C:/liferay-plugins-sdk-6.1.0/portlets/headerfooter-portlet/liferay/portal-bundle.properties
15:37:27.139 [main] DEBUG o.a.c.c.ConfigurationUtils - ConfigurationUtils.locate(): base is null, name is portal-bundle.properties
15:51:24.202 [main] DEBUG o.a.c.c.ConfigurationUtils - ConfigurationUtils.locate(): base is null, name is global-configuration.properties
15:51:24.230 [main] DEBUG o.a.c.c.ConfigurationUtils - ConfigurationUtils.locate(): base is null, name is jar:file:/C:/apache-tomcat-7.0.25/webapps/portal/WEB-INF/lib/portal-impl.jar!/portal.properties
15:51:24.231 [main] DEBUG o.a.c.c.ConfigurationUtils - Loading configuration from the URL jar:file:/C:/apache-tomcat-7.0.25/webapps/portal/WEB-INF/lib/portal-impl.jar!/portal.properties
15:51:24.759 [main] DEBUG o.a.c.c.ConfigurationUtils - ConfigurationUtils.locate(): base is null, name is C:/liferay-plugins-sdk-6.1.0/portlets/headerfooter-portlet/liferay/${external-properties}
15:51:24.776 [main] DEBUG o.a.c.c.ConfigurationUtils - ConfigurationUtils.locate(): base is null, name is ${external-properties}
15:51:24.778 [main] DEBUG o.a.c.c.ConfigurationUtils - ConfigurationUtils.locate(): base is null, name is C:/liferay-plugins-sdk-6.1.0/portlets/headerfooter-portlet/liferay/portal-${easyconf:companyId}.properties
15:51:24.788 [main] DEBUG o.a.c.c.ConfigurationUtils - ConfigurationUtils.locate(): base is null, name is portal-${easyconf:companyId}.properties
15:51:24.790 [main] DEBUG o.a.c.c.ConfigurationUtils - ConfigurationUtils.locate(): base is null, name is C:/liferay-plugins-sdk-6.1.0/portlets/headerfooter-portlet/liferay/portal-setup-wizard.properties
15:51:24.887 [main] DEBUG o.a.c.c.ConfigurationUtils - ConfigurationUtils.locate(): base is null, name is portal-setup-wizard.properties
15:51:24.891 [main] DEBUG o.a.c.c.ConfigurationUtils - ConfigurationUtils.locate(): base is null, name is C:/liferay-plugins-sdk-6.1.0/portlets/headerfooter-portlet/liferay/portal-ext.properties
15:51:24.900 [main] DEBUG o.a.c.c.ConfigurationUtils - ConfigurationUtils.locate(): base is null, name is portal-ext.properties
15:51:24.902 [main] DEBUG o.a.c.c.ConfigurationUtils - ConfigurationUtils.locate(): base is null, name is C:/liferay-plugins-sdk-6.1.0/portlets/headerfooter-portlet/liferay/portal-bundle.properties
15:51:24.991 [main] DEBUG o.a.c.c.ConfigurationUtils - ConfigurationUtils.locate(): base is null, name is portal-bundle.properties
16:17:17.168 [main] DEBUG o.a.c.c.ConfigurationUtils - ConfigurationUtils.locate(): base is null, name is global-configuration.properties
16:17:17.209 [main] DEBUG o.a.c.c.ConfigurationUtils - ConfigurationUtils.locate(): base is null, name is jar:file:/C:/apache-tomcat-7.0.25/webapps/portal/WEB-INF/lib/portal-impl.jar!/portal.properties
16:17:17.210 [main] DEBUG o.a.c.c.ConfigurationUtils - Loading configuration from the URL jar:file:/C:/apache-tomcat-7.0.25/webapps/portal/WEB-INF/lib/portal-impl.jar!/portal.properties
16:17:17.764 [main] DEBUG o.a.c.c.ConfigurationUtils - ConfigurationUtils.locate(): base is null, name is C:/liferay-plugins-sdk-6.1.0/portlets/headerfooter-portlet/liferay/${external-properties}
16:17:17.782 [main] DEBUG o.a.c.c.ConfigurationUtils - ConfigurationUtils.locate(): base is null, name is ${external-properties}
16:17:17.787 [main] DEBUG o.a.c.c.ConfigurationUtils - ConfigurationUtils.locate(): base is null, name is C:/liferay-plugins-sdk-6.1.0/portlets/headerfooter-portlet/liferay/portal-${easyconf:companyId}.properties
16:17:17.804 [main] DEBUG o.a.c.c.ConfigurationUtils - ConfigurationUtils.locate(): base is null, name is portal-${easyconf:companyId}.properties
16:17:17.807 [main] DEBUG o.a.c.c.ConfigurationUtils - ConfigurationUtils.locate(): base is null, name is C:/liferay-plugins-sdk-6.1.0/portlets/headerfooter-portlet/liferay/portal-setup-wizard.properties
16:17:17.900 [main] DEBUG o.a.c.c.ConfigurationUtils - ConfigurationUtils.locate(): base is null, name is portal-setup-wizard.properties
16:17:17.903 [main] DEBUG o.a.c.c.ConfigurationUtils - ConfigurationUtils.locate(): base is null, name is C:/liferay-plugins-sdk-6.1.0/portlets/headerfooter-portlet/liferay/portal-ext.properties
16:17:17.913 [main] DEBUG o.a.c.c.ConfigurationUtils - ConfigurationUtils.locate(): base is null, name is portal-ext.properties
16:17:17.915 [main] DEBUG o.a.c.c.ConfigurationUtils - ConfigurationUtils.locate(): base is null, name is C:/liferay-plugins-sdk-6.1.0/portlets/headerfooter-portlet/liferay/portal-bundle.properties
16:17:18.004 [main] DEBUG o.a.c.c.ConfigurationUtils - ConfigurationUtils.locate(): base is null, name is portal-bundle.properties
16:18:17.467 [main] DEBUG o.a.c.c.ConfigurationUtils - ConfigurationUtils.locate(): base is null, name is global-configuration.properties
16:18:17.497 [main] DEBUG o.a.c.c.ConfigurationUtils - ConfigurationUtils.locate(): base is null, name is jar:file:/C:/apache-tomcat-7.0.25/webapps/portal/WEB-INF/lib/portal-impl.jar!/portal.properties
16:18:17.498 [main] DEBUG o.a.c.c.ConfigurationUtils - Loading configuration from the URL jar:file:/C:/apache-tomcat-7.0.25/webapps/portal/WEB-INF/lib/portal-impl.jar!/portal.properties
16:18:17.977 [main] DEBUG o.a.c.c.ConfigurationUtils - ConfigurationUtils.locate(): base is null, name is C:/liferay-plugins-sdk-6.1.0/portlets/headerfooter-portlet/liferay/${external-properties}
16:18:17.993 [main] DEBUG o.a.c.c.ConfigurationUtils - ConfigurationUtils.locate(): base is null, name is ${external-properties}
16:18:17.995 [main] DEBUG o.a.c.c.ConfigurationUtils - ConfigurationUtils.locate(): base is null, name is C:/liferay-plugins-sdk-6.1.0/portlets/headerfooter-portlet/liferay/portal-${easyconf:companyId}.properties
16:18:18.054 [main] DEBUG o.a.c.c.ConfigurationUtils - ConfigurationUtils.locate(): base is null, name is portal-${easyconf:companyId}.properties
16:18:18.057 [main] DEBUG o.a.c.c.ConfigurationUtils - ConfigurationUtils.locate(): base is null, name is C:/liferay-plugins-sdk-6.1.0/portlets/headerfooter-portlet/liferay/portal-setup-wizard.properties
16:18:18.067 [main] DEBUG o.a.c.c.ConfigurationUtils - ConfigurationUtils.locate(): base is null, name is portal-setup-wizard.properties
16:18:18.070 [main] DEBUG o.a.c.c.ConfigurationUtils - ConfigurationUtils.locate(): base is null, name is C:/liferay-plugins-sdk-6.1.0/portlets/headerfooter-portlet/liferay/portal-ext.properties
16:18:18.157 [main] DEBUG o.a.c.c.ConfigurationUtils - ConfigurationUtils.locate(): base is null, name is portal-ext.properties
16:18:18.160 [main] DEBUG o.a.c.c.ConfigurationUtils - ConfigurationUtils.locate(): base is null, name is C:/liferay-plugins-sdk-6.1.0/portlets/headerfooter-portlet/liferay/portal-bundle.properties
16:18:18.168 [main] DEBUG o.a.c.c.ConfigurationUtils - ConfigurationUtils.locate(): base is null, name is portal-bundle.properties
16:20:13.203 [main] DEBUG o.a.c.c.ConfigurationUtils - ConfigurationUtils.locate(): base is null, name is global-configuration.properties
16:20:13.226 [main] DEBUG o.a.c.c.ConfigurationUtils - ConfigurationUtils.locate(): base is null, name is jar:file:/C:/apache-tomcat-7.0.25/webapps/portal/WEB-INF/lib/portal-impl.jar!/portal.properties
16:20:13.226 [main] DEBUG o.a.c.c.ConfigurationUtils - Loading configuration from the URL jar:file:/C:/apache-tomcat-7.0.25/webapps/portal/WEB-INF/lib/portal-impl.jar!/portal.properties
16:20:13.734 [main] DEBUG o.a.c.c.ConfigurationUtils - ConfigurationUtils.locate(): base is null, name is C:/liferay-plugins-sdk-6.1.0/portlets/headerfooter-portlet/liferay/${external-properties}
16:20:13.742 [main] DEBUG o.a.c.c.ConfigurationUtils - ConfigurationUtils.locate(): base is null, name is ${external-properties}
16:20:13.742 [main] DEBUG o.a.c.c.ConfigurationUtils - ConfigurationUtils.locate(): base is null, name is C:/liferay-plugins-sdk-6.1.0/portlets/headerfooter-portlet/liferay/portal-${easyconf:companyId}.properties
16:20:13.820 [main] DEBUG o.a.c.c.ConfigurationUtils - ConfigurationUtils.locate(): base is null, name is portal-${easyconf:companyId}.properties
16:20:13.820 [main] DEBUG o.a.c.c.ConfigurationUtils - ConfigurationUtils.locate(): base is null, name is C:/liferay-plugins-sdk-6.1.0/portlets/headerfooter-portlet/liferay/portal-setup-wizard.properties
16:20:13.828 [main] DEBUG o.a.c.c.ConfigurationUtils - ConfigurationUtils.locate(): base is null, name is portal-setup-wizard.properties
16:20:13.835 [main] DEBUG o.a.c.c.ConfigurationUtils - ConfigurationUtils.locate(): base is null, name is C:/liferay-plugins-sdk-6.1.0/portlets/headerfooter-portlet/liferay/portal-ext.properties
16:20:13.921 [main] DEBUG o.a.c.c.ConfigurationUtils - ConfigurationUtils.locate(): base is null, name is portal-ext.properties
16:20:13.921 [main] DEBUG o.a.c.c.ConfigurationUtils - ConfigurationUtils.locate(): base is null, name is C:/liferay-plugins-sdk-6.1.0/portlets/headerfooter-portlet/liferay/portal-bundle.properties
16:20:13.929 [main] DEBUG o.a.c.c.ConfigurationUtils - ConfigurationUtils.locate(): base is null, name is portal-bundle.properties
16:21:36.839 [main] DEBUG o.a.c.c.ConfigurationUtils - ConfigurationUtils.locate(): base is null, name is global-configuration.properties
16:21:36.871 [main] DEBUG o.a.c.c.ConfigurationUtils - ConfigurationUtils.locate(): base is null, name is jar:file:/C:/apache-tomcat-7.0.25/webapps/portal/WEB-INF/lib/portal-impl.jar!/portal.properties
16:21:36.871 [main] DEBUG o.a.c.c.ConfigurationUtils - Loading configuration from the URL jar:file:/C:/apache-tomcat-7.0.25/webapps/portal/WEB-INF/lib/portal-impl.jar!/portal.properties
16:21:37.519 [main] DEBUG o.a.c.c.ConfigurationUtils - ConfigurationUtils.locate(): base is null, name is C:/liferay-plugins-sdk-6.1.0/portlets/headerfooter-portlet/liferay/${external-properties}
16:21:37.542 [main] DEBUG o.a.c.c.ConfigurationUtils - ConfigurationUtils.locate(): base is null, name is ${external-properties}
16:21:37.542 [main] DEBUG o.a.c.c.ConfigurationUtils - ConfigurationUtils.locate(): base is null, name is C:/liferay-plugins-sdk-6.1.0/portlets/headerfooter-portlet/liferay/portal-${easyconf:companyId}.properties
16:21:37.574 [main] DEBUG o.a.c.c.ConfigurationUtils - ConfigurationUtils.locate(): base is null, name is portal-${easyconf:companyId}.properties
16:21:37.574 [main] DEBUG o.a.c.c.ConfigurationUtils - ConfigurationUtils.locate(): base is null, name is C:/liferay-plugins-sdk-6.1.0/portlets/headerfooter-portlet/liferay/portal-setup-wizard.properties
16:21:37.589 [main] DEBUG o.a.c.c.ConfigurationUtils - ConfigurationUtils.locate(): base is null, name is portal-setup-wizard.properties
16:21:37.589 [main] DEBUG o.a.c.c.ConfigurationUtils - ConfigurationUtils.locate(): base is null, name is C:/liferay-plugins-sdk-6.1.0/portlets/headerfooter-portlet/liferay/portal-ext.properties
16:21:37.675 [main] DEBUG o.a.c.c.ConfigurationUtils - ConfigurationUtils.locate(): base is null, name is portal-ext.properties
16:21:37.683 [main] DEBUG o.a.c.c.ConfigurationUtils - ConfigurationUtils.locate(): base is null, name is C:/liferay-plugins-sdk-6.1.0/portlets/headerfooter-portlet/liferay/portal-bundle.properties
16:21:37.699 [main] DEBUG o.a.c.c.ConfigurationUtils - ConfigurationUtils.locate(): base is null, name is portal-bundle.properties
17:17:07.277 [main] DEBUG o.a.c.c.ConfigurationUtils - ConfigurationUtils.locate(): base is null, name is global-configuration.properties
17:17:07.337 [main] DEBUG o.a.c.c.ConfigurationUtils - ConfigurationUtils.locate(): base is null, name is jar:file:/C:/apache-tomcat-7.0.25/webapps/portal/WEB-INF/lib/portal-impl.jar!/portal.properties
17:17:07.338 [main] DEBUG o.a.c.c.ConfigurationUtils - Loading configuration from the URL jar:file:/C:/apache-tomcat-7.0.25/webapps/portal/WEB-INF/lib/portal-impl.jar!/portal.properties
17:17:07.840 [main] DEBUG o.a.c.c.ConfigurationUtils - ConfigurationUtils.locate(): base is null, name is C:/liferay-plugins-sdk-6.1.0/portlets/headerfooter-portlet/liferay/${external-properties}
17:17:07.858 [main] DEBUG o.a.c.c.ConfigurationUtils - ConfigurationUtils.locate(): base is null, name is ${external-properties}
17:17:07.861 [main] DEBUG o.a.c.c.ConfigurationUtils - ConfigurationUtils.locate(): base is null, name is C:/liferay-plugins-sdk-6.1.0/portlets/headerfooter-portlet/liferay/portal-${easyconf:companyId}.properties
17:17:07.886 [main] DEBUG o.a.c.c.ConfigurationUtils - ConfigurationUtils.locate(): base is null, name is portal-${easyconf:companyId}.properties
17:17:07.889 [main] DEBUG o.a.c.c.ConfigurationUtils - ConfigurationUtils.locate(): base is null, name is C:/liferay-plugins-sdk-6.1.0/portlets/headerfooter-portlet/liferay/portal-setup-wizard.properties
17:17:07.900 [main] DEBUG o.a.c.c.ConfigurationUtils - ConfigurationUtils.locate(): base is null, name is portal-setup-wizard.properties
17:17:07.902 [main] DEBUG o.a.c.c.ConfigurationUtils - ConfigurationUtils.locate(): base is null, name is C:/liferay-plugins-sdk-6.1.0/portlets/headerfooter-portlet/liferay/portal-ext.properties
17:17:07.990 [main] DEBUG o.a.c.c.ConfigurationUtils - ConfigurationUtils.locate(): base is null, name is portal-ext.properties
17:17:07.992 [main] DEBUG o.a.c.c.ConfigurationUtils - ConfigurationUtils.locate(): base is null, name is C:/liferay-plugins-sdk-6.1.0/portlets/headerfooter-portlet/liferay/portal-bundle.properties
17:17:08.002 [main] DEBUG o.a.c.c.ConfigurationUtils - ConfigurationUtils.locate(): base is null, name is portal-bundle.properties
17:51:11.578 [main] DEBUG o.a.c.c.ConfigurationUtils - ConfigurationUtils.locate(): base is null, name is global-configuration.properties
17:51:11.596 [main] DEBUG o.a.c.c.ConfigurationUtils - ConfigurationUtils.locate(): base is null, name is jar:file:/C:/apache-tomcat-7.0.25/webapps/portal/WEB-INF/lib/portal-impl.jar!/portal.properties
17:51:11.596 [main] DEBUG o.a.c.c.ConfigurationUtils - Loading configuration from the URL jar:file:/C:/apache-tomcat-7.0.25/webapps/portal/WEB-INF/lib/portal-impl.jar!/portal.properties
17:51:12.182 [main] DEBUG o.a.c.c.ConfigurationUtils - ConfigurationUtils.locate(): base is null, name is C:/liferay-plugins-sdk-6.1.0/portlets/headerfooter-portlet/liferay/${external-properties}
17:51:12.193 [main] DEBUG o.a.c.c.ConfigurationUtils - ConfigurationUtils.locate(): base is null, name is ${external-properties}
17:51:12.196 [main] DEBUG o.a.c.c.ConfigurationUtils - ConfigurationUtils.locate(): base is null, name is C:/liferay-plugins-sdk-6.1.0/portlets/headerfooter-portlet/liferay/portal-${easyconf:companyId}.properties
17:51:12.282 [main] DEBUG o.a.c.c.ConfigurationUtils - ConfigurationUtils.locate(): base is null, name is portal-${easyconf:companyId}.properties
17:51:12.285 [main] DEBUG o.a.c.c.ConfigurationUtils - ConfigurationUtils.locate(): base is null, name is C:/liferay-plugins-sdk-6.1.0/portlets/headerfooter-portlet/liferay/portal-setup-wizard.properties
17:51:12.293 [main] DEBUG o.a.c.c.ConfigurationUtils - ConfigurationUtils.locate(): base is null, name is portal-setup-wizard.properties
17:51:12.296 [main] DEBUG o.a.c.c.ConfigurationUtils - ConfigurationUtils.locate(): base is null, name is C:/liferay-plugins-sdk-6.1.0/portlets/headerfooter-portlet/liferay/portal-ext.properties
17:51:12.393 [main] DEBUG o.a.c.c.ConfigurationUtils - ConfigurationUtils.locate(): base is null, name is portal-ext.properties
17:51:12.397 [main] DEBUG o.a.c.c.ConfigurationUtils - ConfigurationUtils.locate(): base is null, name is C:/liferay-plugins-sdk-6.1.0/portlets/headerfooter-portlet/liferay/portal-bundle.properties
17:51:12.415 [main] DEBUG o.a.c.c.ConfigurationUtils - ConfigurationUtils.locate(): base is null, name is portal-bundle.properties
18:04:24.985 [main] DEBUG o.a.c.c.ConfigurationUtils - ConfigurationUtils.locate(): base is null, name is global-configuration.properties
18:04:25.015 [main] DEBUG o.a.c.c.ConfigurationUtils - ConfigurationUtils.locate(): base is null, name is jar:file:/C:/apache-tomcat-7.0.25/webapps/portal/WEB-INF/lib/portal-impl.jar!/portal.properties
18:04:25.016 [main] DEBUG o.a.c.c.ConfigurationUtils - Loading configuration from the URL jar:file:/C:/apache-tomcat-7.0.25/webapps/portal/WEB-INF/lib/portal-impl.jar!/portal.properties
18:04:25.552 [main] DEBUG o.a.c.c.ConfigurationUtils - ConfigurationUtils.locate(): base is null, name is C:/liferay-plugins-sdk-6.1.0/portlets/headerfooter-portlet/liferay/${external-properties}
18:04:25.563 [main] DEBUG o.a.c.c.ConfigurationUtils - ConfigurationUtils.locate(): base is null, name is ${external-properties}
18:04:25.565 [main] DEBUG o.a.c.c.ConfigurationUtils - ConfigurationUtils.locate(): base is null, name is C:/liferay-plugins-sdk-6.1.0/portlets/headerfooter-portlet/liferay/portal-${easyconf:companyId}.properties
18:04:25.579 [main] DEBUG o.a.c.c.ConfigurationUtils - ConfigurationUtils.locate(): base is null, name is portal-${easyconf:companyId}.properties
18:04:25.583 [main] DEBUG o.a.c.c.ConfigurationUtils - ConfigurationUtils.locate(): base is null, name is C:/liferay-plugins-sdk-6.1.0/portlets/headerfooter-portlet/liferay/portal-setup-wizard.properties
18:04:25.592 [main] DEBUG o.a.c.c.ConfigurationUtils - ConfigurationUtils.locate(): base is null, name is portal-setup-wizard.properties
18:04:25.595 [main] DEBUG o.a.c.c.ConfigurationUtils - ConfigurationUtils.locate(): base is null, name is C:/liferay-plugins-sdk-6.1.0/portlets/headerfooter-portlet/liferay/portal-ext.properties
18:04:25.681 [main] DEBUG o.a.c.c.ConfigurationUtils - ConfigurationUtils.locate(): base is null, name is portal-ext.properties
18:04:25.683 [main] DEBUG o.a.c.c.ConfigurationUtils - ConfigurationUtils.locate(): base is null, name is C:/liferay-plugins-sdk-6.1.0/portlets/headerfooter-portlet/liferay/portal-bundle.properties
18:04:25.695 [main] DEBUG o.a.c.c.ConfigurationUtils - ConfigurationUtils.locate(): base is null, name is portal-bundle.properties
18:33:58.226 [main] DEBUG o.a.c.c.ConfigurationUtils - ConfigurationUtils.locate(): base is null, name is global-configuration.properties
18:33:58.245 [main] DEBUG o.a.c.c.ConfigurationUtils - ConfigurationUtils.locate(): base is null, name is jar:file:/C:/apache-tomcat-7.0.25/webapps/portal/WEB-INF/lib/portal-impl.jar!/portal.properties
18:33:58.245 [main] DEBUG o.a.c.c.ConfigurationUtils - Loading configuration from the URL jar:file:/C:/apache-tomcat-7.0.25/webapps/portal/WEB-INF/lib/portal-impl.jar!/portal.properties
18:33:58.825 [main] DEBUG o.a.c.c.ConfigurationUtils - ConfigurationUtils.locate(): base is null, name is C:/liferay-plugins-sdk-6.1.0/portlets/headerfooter-portlet/liferay/${external-properties}
18:33:58.835 [main] DEBUG o.a.c.c.ConfigurationUtils - ConfigurationUtils.locate(): base is null, name is ${external-properties}
18:33:58.837 [main] DEBUG o.a.c.c.ConfigurationUtils - ConfigurationUtils.locate(): base is null, name is C:/liferay-plugins-sdk-6.1.0/portlets/headerfooter-portlet/liferay/portal-${easyconf:companyId}.properties
18:33:58.856 [main] DEBUG o.a.c.c.ConfigurationUtils - ConfigurationUtils.locate(): base is null, name is portal-${easyconf:companyId}.properties
18:33:58.858 [main] DEBUG o.a.c.c.ConfigurationUtils - ConfigurationUtils.locate(): base is null, name is C:/liferay-plugins-sdk-6.1.0/portlets/headerfooter-portlet/liferay/portal-setup-wizard.properties
18:33:58.868 [main] DEBUG o.a.c.c.ConfigurationUtils - ConfigurationUtils.locate(): base is null, name is portal-setup-wizard.properties
18:33:58.870 [main] DEBUG o.a.c.c.ConfigurationUtils - ConfigurationUtils.locate(): base is null, name is C:/liferay-plugins-sdk-6.1.0/portlets/headerfooter-portlet/liferay/portal-ext.properties
18:33:58.963 [main] DEBUG o.a.c.c.ConfigurationUtils - ConfigurationUtils.locate(): base is null, name is portal-ext.properties
18:33:58.967 [main] DEBUG o.a.c.c.ConfigurationUtils - ConfigurationUtils.locate(): base is null, name is C:/liferay-plugins-sdk-6.1.0/portlets/headerfooter-portlet/liferay/portal-bundle.properties
18:33:58.985 [main] DEBUG o.a.c.c.ConfigurationUtils - ConfigurationUtils.locate(): base is null, name is portal-bundle.properties
18:41:13.657 [main] DEBUG o.a.c.c.ConfigurationUtils - ConfigurationUtils.locate(): base is null, name is global-configuration.properties
18:41:13.690 [main] DEBUG o.a.c.c.ConfigurationUtils - ConfigurationUtils.locate(): base is null, name is jar:file:/C:/apache-tomcat-7.0.25/webapps/portal/WEB-INF/lib/portal-impl.jar!/portal.properties
18:41:13.694 [main] DEBUG o.a.c.c.ConfigurationUtils - Loading configuration from the URL jar:file:/C:/apache-tomcat-7.0.25/webapps/portal/WEB-INF/lib/portal-impl.jar!/portal.properties
18:41:14.821 [main] DEBUG o.a.c.c.ConfigurationUtils - ConfigurationUtils.locate(): base is null, name is C:/liferay-plugins-sdk-6.1.0/portlets/headerfooter-portlet/liferay/${external-properties}
18:41:14.838 [main] DEBUG o.a.c.c.ConfigurationUtils - ConfigurationUtils.locate(): base is null, name is ${external-properties}
18:41:14.841 [main] DEBUG o.a.c.c.ConfigurationUtils - ConfigurationUtils.locate(): base is null, name is C:/liferay-plugins-sdk-6.1.0/portlets/headerfooter-portlet/liferay/portal-${easyconf:companyId}.properties
18:41:14.870 [main] DEBUG o.a.c.c.ConfigurationUtils - ConfigurationUtils.locate(): base is null, name is portal-${easyconf:companyId}.properties
18:41:14.873 [main] DEBUG o.a.c.c.ConfigurationUtils - ConfigurationUtils.locate(): base is null, name is C:/liferay-plugins-sdk-6.1.0/portlets/headerfooter-portlet/liferay/portal-setup-wizard.properties
18:41:14.882 [main] DEBUG o.a.c.c.ConfigurationUtils - ConfigurationUtils.locate(): base is null, name is portal-setup-wizard.properties
18:41:14.885 [main] DEBUG o.a.c.c.ConfigurationUtils - ConfigurationUtils.locate(): base is null, name is C:/liferay-plugins-sdk-6.1.0/portlets/headerfooter-portlet/liferay/portal-ext.properties
18:41:14.968 [main] DEBUG o.a.c.c.ConfigurationUtils - ConfigurationUtils.locate(): base is null, name is portal-ext.properties
18:41:14.973 [main] DEBUG o.a.c.c.ConfigurationUtils - ConfigurationUtils.locate(): base is null, name is C:/liferay-plugins-sdk-6.1.0/portlets/headerfooter-portlet/liferay/portal-bundle.properties
18:41:14.992 [main] DEBUG o.a.c.c.ConfigurationUtils - ConfigurationUtils.locate(): base is null, name is portal-bundle.properties
18:51:49.180 [main] DEBUG o.a.c.c.ConfigurationUtils - ConfigurationUtils.locate(): base is null, name is global-configuration.properties
18:51:49.211 [main] DEBUG o.a.c.c.ConfigurationUtils - ConfigurationUtils.locate(): base is null, name is jar:file:/C:/apache-tomcat-7.0.25/webapps/portal/WEB-INF/lib/portal-impl.jar!/portal.properties
18:51:49.211 [main] DEBUG o.a.c.c.ConfigurationUtils - Loading configuration from the URL jar:file:/C:/apache-tomcat-7.0.25/webapps/portal/WEB-INF/lib/portal-impl.jar!/portal.properties
18:51:49.727 [main] DEBUG o.a.c.c.ConfigurationUtils - ConfigurationUtils.locate(): base is null, name is C:/liferay-plugins-sdk-6.1.0/portlets/headerfooter-portlet/liferay/${external-properties}
18:51:49.735 [main] DEBUG o.a.c.c.ConfigurationUtils - ConfigurationUtils.locate(): base is null, name is ${external-properties}
18:51:49.735 [main] DEBUG o.a.c.c.ConfigurationUtils - ConfigurationUtils.locate(): base is null, name is C:/liferay-plugins-sdk-6.1.0/portlets/headerfooter-portlet/liferay/portal-${easyconf:companyId}.properties
18:51:49.766 [main] DEBUG o.a.c.c.ConfigurationUtils - ConfigurationUtils.locate(): base is null, name is portal-${easyconf:companyId}.properties
18:51:49.766 [main] DEBUG o.a.c.c.ConfigurationUtils - ConfigurationUtils.locate(): base is null, name is C:/liferay-plugins-sdk-6.1.0/portlets/headerfooter-portlet/liferay/portal-setup-wizard.properties
18:51:49.774 [main] DEBUG o.a.c.c.ConfigurationUtils - ConfigurationUtils.locate(): base is null, name is portal-setup-wizard.properties
18:51:49.782 [main] DEBUG o.a.c.c.ConfigurationUtils - ConfigurationUtils.locate(): base is null, name is C:/liferay-plugins-sdk-6.1.0/portlets/headerfooter-portlet/liferay/portal-ext.properties
18:51:49.868 [main] DEBUG o.a.c.c.ConfigurationUtils - ConfigurationUtils.locate(): base is null, name is portal-ext.properties
18:51:49.875 [main] DEBUG o.a.c.c.ConfigurationUtils - ConfigurationUtils.locate(): base is null, name is C:/liferay-plugins-sdk-6.1.0/portlets/headerfooter-portlet/liferay/portal-bundle.properties
18:51:49.891 [main] DEBUG o.a.c.c.ConfigurationUtils - ConfigurationUtils.locate(): base is null, name is portal-bundle.properties
18:52:22.908 [main] DEBUG o.a.c.c.ConfigurationUtils - ConfigurationUtils.locate(): base is null, name is global-configuration.properties
18:52:22.931 [main] DEBUG o.a.c.c.ConfigurationUtils - ConfigurationUtils.locate(): base is null, name is jar:file:/C:/apache-tomcat-7.0.25/webapps/portal/WEB-INF/lib/portal-impl.jar!/portal.properties
18:52:22.939 [main] DEBUG o.a.c.c.ConfigurationUtils - Loading configuration from the URL jar:file:/C:/apache-tomcat-7.0.25/webapps/portal/WEB-INF/lib/portal-impl.jar!/portal.properties
18:52:23.431 [main] DEBUG o.a.c.c.ConfigurationUtils - ConfigurationUtils.locate(): base is null, name is C:/liferay-plugins-sdk-6.1.0/portlets/headerfooter-portlet/liferay/${external-properties}
18:52:23.447 [main] DEBUG o.a.c.c.ConfigurationUtils - ConfigurationUtils.locate(): base is null, name is ${external-properties}
18:52:23.447 [main] DEBUG o.a.c.c.ConfigurationUtils - ConfigurationUtils.locate(): base is null, name is C:/liferay-plugins-sdk-6.1.0/portlets/headerfooter-portlet/liferay/portal-${easyconf:companyId}.properties
18:52:23.455 [main] DEBUG o.a.c.c.ConfigurationUtils - ConfigurationUtils.locate(): base is null, name is portal-${easyconf:companyId}.properties
18:52:23.455 [main] DEBUG o.a.c.c.ConfigurationUtils - ConfigurationUtils.locate(): base is null, name is C:/liferay-plugins-sdk-6.1.0/portlets/headerfooter-portlet/liferay/portal-setup-wizard.properties
18:52:23.556 [main] DEBUG o.a.c.c.ConfigurationUtils - ConfigurationUtils.locate(): base is null, name is portal-setup-wizard.properties
18:52:23.556 [main] DEBUG o.a.c.c.ConfigurationUtils - ConfigurationUtils.locate(): base is null, name is C:/liferay-plugins-sdk-6.1.0/portlets/headerfooter-portlet/liferay/portal-ext.properties
18:52:23.572 [main] DEBUG o.a.c.c.ConfigurationUtils - ConfigurationUtils.locate(): base is null, name is portal-ext.properties
18:52:23.572 [main] DEBUG o.a.c.c.ConfigurationUtils - ConfigurationUtils.locate(): base is null, name is C:/liferay-plugins-sdk-6.1.0/portlets/headerfooter-portlet/liferay/portal-bundle.properties
18:52:23.658 [main] DEBUG o.a.c.c.ConfigurationUtils - ConfigurationUtils.locate(): base is null, name is portal-bundle.properties
15:47:46.916 [main] DEBUG o.a.c.c.ConfigurationUtils - ConfigurationUtils.locate(): base is null, name is global-configuration.properties
15:47:47.083 [main] DEBUG o.a.c.c.ConfigurationUtils - ConfigurationUtils.locate(): base is null, name is jar:file:/C:/apache-tomcat-7.0.25/webapps/portal/WEB-INF/lib/portal-impl.jar!/portal.properties
15:47:47.083 [main] DEBUG o.a.c.c.ConfigurationUtils - Loading configuration from the URL jar:file:/C:/apache-tomcat-7.0.25/webapps/portal/WEB-INF/lib/portal-impl.jar!/portal.properties
15:47:47.805 [main] DEBUG o.a.c.c.ConfigurationUtils - ConfigurationUtils.locate(): base is null, name is C:/liferay-plugins-sdk-6.1.0/portlets/headerfooter-portlet/liferay/${external-properties}
15:47:47.825 [main] DEBUG o.a.c.c.ConfigurationUtils - ConfigurationUtils.locate(): base is null, name is ${external-properties}
15:47:47.829 [main] DEBUG o.a.c.c.ConfigurationUtils - ConfigurationUtils.locate(): base is null, name is C:/liferay-plugins-sdk-6.1.0/portlets/headerfooter-portlet/liferay/portal-${easyconf:companyId}.properties
15:47:47.879 [main] DEBUG o.a.c.c.ConfigurationUtils - ConfigurationUtils.locate(): base is null, name is portal-${easyconf:companyId}.properties
15:47:47.884 [main] DEBUG o.a.c.c.ConfigurationUtils - ConfigurationUtils.locate(): base is null, name is C:/liferay-plugins-sdk-6.1.0/portlets/headerfooter-portlet/liferay/portal-setup-wizard.properties
15:47:47.918 [main] DEBUG o.a.c.c.ConfigurationUtils - ConfigurationUtils.locate(): base is null, name is portal-setup-wizard.properties
15:47:47.925 [main] DEBUG o.a.c.c.ConfigurationUtils - ConfigurationUtils.locate(): base is null, name is C:/liferay-plugins-sdk-6.1.0/portlets/headerfooter-portlet/liferay/portal-ext.properties
15:47:47.947 [main] DEBUG o.a.c.c.ConfigurationUtils - ConfigurationUtils.locate(): base is null, name is portal-ext.properties
15:47:47.951 [main] DEBUG o.a.c.c.ConfigurationUtils - ConfigurationUtils.locate(): base is null, name is C:/liferay-plugins-sdk-6.1.0/portlets/headerfooter-portlet/liferay/portal-bundle.properties
15:47:48.065 [main] DEBUG o.a.c.c.ConfigurationUtils - ConfigurationUtils.locate(): base is null, name is portal-bundle.properties
15:48:30.385 [main] DEBUG o.a.c.c.ConfigurationUtils - ConfigurationUtils.locate(): base is null, name is global-configuration.properties
15:48:30.528 [main] DEBUG o.a.c.c.ConfigurationUtils - ConfigurationUtils.locate(): base is null, name is jar:file:/C:/apache-tomcat-7.0.25/webapps/portal/WEB-INF/lib/portal-impl.jar!/portal.properties
15:48:30.529 [main] DEBUG o.a.c.c.ConfigurationUtils - Loading configuration from the URL jar:file:/C:/apache-tomcat-7.0.25/webapps/portal/WEB-INF/lib/portal-impl.jar!/portal.properties
15:48:31.132 [main] DEBUG o.a.c.c.ConfigurationUtils - ConfigurationUtils.locate(): base is null, name is C:/liferay-plugins-sdk-6.1.0/portlets/headerfooter-portlet/liferay/${external-properties}
15:48:31.144 [main] DEBUG o.a.c.c.ConfigurationUtils - ConfigurationUtils.locate(): base is null, name is ${external-properties}
15:48:31.147 [main] DEBUG o.a.c.c.ConfigurationUtils - ConfigurationUtils.locate(): base is null, name is C:/liferay-plugins-sdk-6.1.0/portlets/headerfooter-portlet/liferay/portal-${easyconf:companyId}.properties
15:48:31.157 [main] DEBUG o.a.c.c.ConfigurationUtils - ConfigurationUtils.locate(): base is null, name is portal-${easyconf:companyId}.properties
15:48:31.161 [main] DEBUG o.a.c.c.ConfigurationUtils - ConfigurationUtils.locate(): base is null, name is C:/liferay-plugins-sdk-6.1.0/portlets/headerfooter-portlet/liferay/portal-setup-wizard.properties
15:48:31.264 [main] DEBUG o.a.c.c.ConfigurationUtils - ConfigurationUtils.locate(): base is null, name is portal-setup-wizard.properties
15:48:31.268 [main] DEBUG o.a.c.c.ConfigurationUtils - ConfigurationUtils.locate(): base is null, name is C:/liferay-plugins-sdk-6.1.0/portlets/headerfooter-portlet/liferay/portal-ext.properties
15:48:31.287 [main] DEBUG o.a.c.c.ConfigurationUtils - ConfigurationUtils.locate(): base is null, name is portal-ext.properties
15:48:31.294 [main] DEBUG o.a.c.c.ConfigurationUtils - ConfigurationUtils.locate(): base is null, name is C:/liferay-plugins-sdk-6.1.0/portlets/headerfooter-portlet/liferay/portal-bundle.properties
15:48:31.363 [main] DEBUG o.a.c.c.ConfigurationUtils - ConfigurationUtils.locate(): base is null, name is portal-bundle.properties
